<!DOCTYPE html>

<html>
  <head>
  <title>TestNG reports</title>

    <link type="text/css" href="testng-reports.css" rel="stylesheet" />  
    <script type="text/javascript" src="jquery-1.7.1.min.js"></script>
    <script type="text/javascript" src="testng-reports.js"></script>
    <script type="text/javascript" src="https://www.google.com/jsapi"></script>
    <script type='text/javascript'>
      google.load('visualization', '1', {packages:['table']});
      google.setOnLoadCallback(drawTable);
      var suiteTableInitFunctions = new Array();
      var suiteTableData = new Array();
    </script>
    <!--
      <script type="text/javascript" src="jquery-ui/js/jquery-ui-1.8.16.custom.min.js"></script>
     -->
  </head>

  <body>
    <div class="top-banner-root">
      <span class="top-banner-title-font">Test results</span>
      <br/>
      <span class="top-banner-font-1">1 suite, 17 failed tests</span>
    </div> <!-- top-banner-root -->
    <div class="navigator-root">
      <div class="navigator-suite-header">
        <span>All suites</span>
        <a href="#" class="collapse-all-link" title="Collapse/expand all the suites">
          <img class="collapse-all-icon" src="collapseall.gif">
          </img> <!-- collapse-all-icon -->
        </a> <!-- collapse-all-link -->
      </div> <!-- navigator-suite-header -->
      <div class="suite">
        <div class="rounded-window">
          <div class="suite-header light-rounded-window-top">
            <a href="#" class="navigator-link" panel-name="suite-Suite">
              <span class="suite-name border-failed">Suite</span>
            </a> <!-- navigator-link -->
          </div> <!-- suite-header light-rounded-window-top -->
          <div class="navigator-suite-content">
            <div class="suite-section-title">
              <span>Info</span>
            </div> <!-- suite-section-title -->
            <div class="suite-section-content">
              <ul>
                <li>
                  <a href="#" class="navigator-link " panel-name="test-xml-Suite">
                    <span>D:\Automation proj\CSP\Regression.xml</span>
                  </a> <!-- navigator-link  -->
                </li>
                <li>
                  <a href="#" class="navigator-link " panel-name="testlist-Suite">
                    <span class="test-stats">1 test</span>
                  </a> <!-- navigator-link  -->
                </li>
                <li>
                  <a href="#" class="navigator-link " panel-name="group-Suite">
                    <span>0 groups</span>
                  </a> <!-- navigator-link  -->
                </li>
                <li>
                  <a href="#" class="navigator-link " panel-name="times-Suite">
                    <span>Times</span>
                  </a> <!-- navigator-link  -->
                </li>
                <li>
                  <a href="#" class="navigator-link " panel-name="reporter-Suite">
                    <span>Reporter output</span>
                  </a> <!-- navigator-link  -->
                </li>
                <li>
                  <a href="#" class="navigator-link " panel-name="ignored-methods-Suite">
                    <span>Ignored methods</span>
                  </a> <!-- navigator-link  -->
                </li>
                <li>
                  <a href="#" class="navigator-link " panel-name="chronological-Suite">
                    <span>Chronological view</span>
                  </a> <!-- navigator-link  -->
                </li>
              </ul>
            </div> <!-- suite-section-content -->
            <div class="result-section">
              <div class="suite-section-title">
                <span>Results</span>
              </div> <!-- suite-section-title -->
              <div class="suite-section-content">
                <ul>
                  <li>
                    <span class="method-stats">46 methods, 17 failed,   29 passed</span>
                  </li>
                  <li>
                    <span class="method-list-title failed">Failed methods</span>
                    <span class="show-or-hide-methods failed">
                      <a href="#" panel-name="suite-Suite" class="hide-methods failed suite-Suite"> (hide)</a> <!-- hide-methods failed suite-Suite -->
                      <a href="#" panel-name="suite-Suite" class="show-methods failed suite-Suite"> (show)</a> <!-- show-methods failed suite-Suite -->
                    </span>
                    <div class="method-list-content failed suite-Suite">
                      <span>
                        <img width="3%" src="failed.png"/>
                        <a href="#" class="method navigator-link" panel-name="suite-Suite" title="testApparent.TC_Apparent" hash-for-method="TC004(QA6)">TC004(QA6)</a> <!-- method navigator-link -->
                      </span>
                      <br/>
                      <span>
                        <img width="3%" src="failed.png"/>
                        <a href="#" class="method navigator-link" panel-name="suite-Suite" title="testApparent.TC_Apparent" hash-for-method="TC005(QA6)">TC005(QA6)</a> <!-- method navigator-link -->
                      </span>
                      <br/>
                      <span>
                        <img width="3%" src="failed.png"/>
                        <a href="#" class="method navigator-link" panel-name="suite-Suite" title="testElephant.TC_Elephant" hash-for-method="TC006(QA6)">TC006(QA6)</a> <!-- method navigator-link -->
                      </span>
                      <br/>
                      <span>
                        <img width="3%" src="failed.png"/>
                        <a href="#" class="method navigator-link" panel-name="suite-Suite" title="testApparent.TC_Apparent" hash-for-method="TC006(QA6)">TC006(QA6)</a> <!-- method navigator-link -->
                      </span>
                      <br/>
                      <span>
                        <img width="3%" src="failed.png"/>
                        <a href="#" class="method navigator-link" panel-name="suite-Suite" title="testApparent.TC_Apparent" hash-for-method="TC007(QA6)">TC007(QA6)</a> <!-- method navigator-link -->
                      </span>
                      <br/>
                      <span>
                        <img width="3%" src="failed.png"/>
                        <a href="#" class="method navigator-link" panel-name="suite-Suite" title="testElephant.TC_Elephant" hash-for-method="TC007(QA6)">TC007(QA6)</a> <!-- method navigator-link -->
                      </span>
                      <br/>
                      <span>
                        <img width="3%" src="failed.png"/>
                        <a href="#" class="method navigator-link" panel-name="suite-Suite" title="testElephant.TC_Elephant" hash-for-method="TC008(QA6)">TC008(QA6)</a> <!-- method navigator-link -->
                      </span>
                      <br/>
                      <span>
                        <img width="3%" src="failed.png"/>
                        <a href="#" class="method navigator-link" panel-name="suite-Suite" title="testApparent.TC_Apparent" hash-for-method="TC008(QA6)">TC008(QA6)</a> <!-- method navigator-link -->
                      </span>
                      <br/>
                      <span>
                        <img width="3%" src="failed.png"/>
                        <a href="#" class="method navigator-link" panel-name="suite-Suite" title="testApparent.TC_Apparent" hash-for-method="TC016(QA6)">TC016(QA6)</a> <!-- method navigator-link -->
                      </span>
                      <br/>
                      <span>
                        <img width="3%" src="failed.png"/>
                        <a href="#" class="method navigator-link" panel-name="suite-Suite" title="testElephant.TC_Elephant" hash-for-method="TC016(QA6)">TC016(QA6)</a> <!-- method navigator-link -->
                      </span>
                      <br/>
                      <span>
                        <img width="3%" src="failed.png"/>
                        <a href="#" class="method navigator-link" panel-name="suite-Suite" title="testApparent.TC_Apparent" hash-for-method="TC017(QA6)">TC017(QA6)</a> <!-- method navigator-link -->
                      </span>
                      <br/>
                      <span>
                        <img width="3%" src="failed.png"/>
                        <a href="#" class="method navigator-link" panel-name="suite-Suite" title="testElephant.TC_Elephant" hash-for-method="TC017(QA6)">TC017(QA6)</a> <!-- method navigator-link -->
                      </span>
                      <br/>
                      <span>
                        <img width="3%" src="failed.png"/>
                        <a href="#" class="method navigator-link" panel-name="suite-Suite" title="testElephant.TC_Elephant" hash-for-method="TC018(QA6)">TC018(QA6)</a> <!-- method navigator-link -->
                      </span>
                      <br/>
                      <span>
                        <img width="3%" src="failed.png"/>
                        <a href="#" class="method navigator-link" panel-name="suite-Suite" title="testApparent.TC_Apparent" hash-for-method="TC018(QA6)">TC018(QA6)</a> <!-- method navigator-link -->
                      </span>
                      <br/>
                      <span>
                        <img width="3%" src="failed.png"/>
                        <a href="#" class="method navigator-link" panel-name="suite-Suite" title="testApparent.TC_Apparent" hash-for-method="TC019(QA6)">TC019(QA6)</a> <!-- method navigator-link -->
                      </span>
                      <br/>
                      <span>
                        <img width="3%" src="failed.png"/>
                        <a href="#" class="method navigator-link" panel-name="suite-Suite" title="testElephant.TC_Elephant" hash-for-method="TC019(QA6)">TC019(QA6)</a> <!-- method navigator-link -->
                      </span>
                      <br/>
                      <span>
                        <img width="3%" src="failed.png"/>
                        <a href="#" class="method navigator-link" panel-name="suite-Suite" title="testElephant.TC_Elephant" hash-for-method="TC023(QA6)">TC023(QA6)</a> <!-- method navigator-link -->
                      </span>
                      <br/>
                    </div> <!-- method-list-content failed suite-Suite -->
                  </li>
                  <li>
                    <span class="method-list-title passed">Passed methods</span>
                    <span class="show-or-hide-methods passed">
                      <a href="#" panel-name="suite-Suite" class="hide-methods passed suite-Suite"> (hide)</a> <!-- hide-methods passed suite-Suite -->
                      <a href="#" panel-name="suite-Suite" class="show-methods passed suite-Suite"> (show)</a> <!-- show-methods passed suite-Suite -->
                    </span>
                    <div class="method-list-content passed suite-Suite">
                      <span>
                        <img width="3%" src="passed.png"/>
                        <a href="#" class="method navigator-link" panel-name="suite-Suite" title="testApparent.TC_Apparent" hash-for-method="TC001(QA6)">TC001(QA6)</a> <!-- method navigator-link -->
                      </span>
                      <br/>
                      <span>
                        <img width="3%" src="passed.png"/>
                        <a href="#" class="method navigator-link" panel-name="suite-Suite" title="testElephant.TC_Elephant" hash-for-method="TC001(QA6)">TC001(QA6)</a> <!-- method navigator-link -->
                      </span>
                      <br/>
                      <span>
                        <img width="3%" src="passed.png"/>
                        <a href="#" class="method navigator-link" panel-name="suite-Suite" title="testApparent.TC_Apparent" hash-for-method="TC002(QA6)">TC002(QA6)</a> <!-- method navigator-link -->
                      </span>
                      <br/>
                      <span>
                        <img width="3%" src="passed.png"/>
                        <a href="#" class="method navigator-link" panel-name="suite-Suite" title="testElephant.TC_Elephant" hash-for-method="TC002(QA6)">TC002(QA6)</a> <!-- method navigator-link -->
                      </span>
                      <br/>
                      <span>
                        <img width="3%" src="passed.png"/>
                        <a href="#" class="method navigator-link" panel-name="suite-Suite" title="testElephant.TC_Elephant" hash-for-method="TC003(QA6)">TC003(QA6)</a> <!-- method navigator-link -->
                      </span>
                      <br/>
                      <span>
                        <img width="3%" src="passed.png"/>
                        <a href="#" class="method navigator-link" panel-name="suite-Suite" title="testApparent.TC_Apparent" hash-for-method="TC003(QA6)">TC003(QA6)</a> <!-- method navigator-link -->
                      </span>
                      <br/>
                      <span>
                        <img width="3%" src="passed.png"/>
                        <a href="#" class="method navigator-link" panel-name="suite-Suite" title="testElephant.TC_Elephant" hash-for-method="TC004(QA6)">TC004(QA6)</a> <!-- method navigator-link -->
                      </span>
                      <br/>
                      <span>
                        <img width="3%" src="passed.png"/>
                        <a href="#" class="method navigator-link" panel-name="suite-Suite" title="testElephant.TC_Elephant" hash-for-method="TC005(QA6)">TC005(QA6)</a> <!-- method navigator-link -->
                      </span>
                      <br/>
                      <span>
                        <img width="3%" src="passed.png"/>
                        <a href="#" class="method navigator-link" panel-name="suite-Suite" title="testElephant.TC_Elephant" hash-for-method="TC009(QA6)">TC009(QA6)</a> <!-- method navigator-link -->
                      </span>
                      <br/>
                      <span>
                        <img width="3%" src="passed.png"/>
                        <a href="#" class="method navigator-link" panel-name="suite-Suite" title="testApparent.TC_Apparent" hash-for-method="TC009(QA6)">TC009(QA6)</a> <!-- method navigator-link -->
                      </span>
                      <br/>
                      <span>
                        <img width="3%" src="passed.png"/>
                        <a href="#" class="method navigator-link" panel-name="suite-Suite" title="testApparent.TC_Apparent" hash-for-method="TC010(QA6)">TC010(QA6)</a> <!-- method navigator-link -->
                      </span>
                      <br/>
                      <span>
                        <img width="3%" src="passed.png"/>
                        <a href="#" class="method navigator-link" panel-name="suite-Suite" title="testElephant.TC_Elephant" hash-for-method="TC010(QA6)">TC010(QA6)</a> <!-- method navigator-link -->
                      </span>
                      <br/>
                      <span>
                        <img width="3%" src="passed.png"/>
                        <a href="#" class="method navigator-link" panel-name="suite-Suite" title="testElephant.TC_Elephant" hash-for-method="TC011(QA6)">TC011(QA6)</a> <!-- method navigator-link -->
                      </span>
                      <br/>
                      <span>
                        <img width="3%" src="passed.png"/>
                        <a href="#" class="method navigator-link" panel-name="suite-Suite" title="testApparent.TC_Apparent" hash-for-method="TC011(QA6)">TC011(QA6)</a> <!-- method navigator-link -->
                      </span>
                      <br/>
                      <span>
                        <img width="3%" src="passed.png"/>
                        <a href="#" class="method navigator-link" panel-name="suite-Suite" title="testElephant.TC_Elephant" hash-for-method="TC012(QA6)">TC012(QA6)</a> <!-- method navigator-link -->
                      </span>
                      <br/>
                      <span>
                        <img width="3%" src="passed.png"/>
                        <a href="#" class="method navigator-link" panel-name="suite-Suite" title="testApparent.TC_Apparent" hash-for-method="TC012(QA6)">TC012(QA6)</a> <!-- method navigator-link -->
                      </span>
                      <br/>
                      <span>
                        <img width="3%" src="passed.png"/>
                        <a href="#" class="method navigator-link" panel-name="suite-Suite" title="testElephant.TC_Elephant" hash-for-method="TC013(QA6)">TC013(QA6)</a> <!-- method navigator-link -->
                      </span>
                      <br/>
                      <span>
                        <img width="3%" src="passed.png"/>
                        <a href="#" class="method navigator-link" panel-name="suite-Suite" title="testApparent.TC_Apparent" hash-for-method="TC013(QA6)">TC013(QA6)</a> <!-- method navigator-link -->
                      </span>
                      <br/>
                      <span>
                        <img width="3%" src="passed.png"/>
                        <a href="#" class="method navigator-link" panel-name="suite-Suite" title="testApparent.TC_Apparent" hash-for-method="TC014(QA6)">TC014(QA6)</a> <!-- method navigator-link -->
                      </span>
                      <br/>
                      <span>
                        <img width="3%" src="passed.png"/>
                        <a href="#" class="method navigator-link" panel-name="suite-Suite" title="testElephant.TC_Elephant" hash-for-method="TC014(QA6)">TC014(QA6)</a> <!-- method navigator-link -->
                      </span>
                      <br/>
                      <span>
                        <img width="3%" src="passed.png"/>
                        <a href="#" class="method navigator-link" panel-name="suite-Suite" title="testApparent.TC_Apparent" hash-for-method="TC015(QA6)">TC015(QA6)</a> <!-- method navigator-link -->
                      </span>
                      <br/>
                      <span>
                        <img width="3%" src="passed.png"/>
                        <a href="#" class="method navigator-link" panel-name="suite-Suite" title="testElephant.TC_Elephant" hash-for-method="TC015(QA6)">TC015(QA6)</a> <!-- method navigator-link -->
                      </span>
                      <br/>
                      <span>
                        <img width="3%" src="passed.png"/>
                        <a href="#" class="method navigator-link" panel-name="suite-Suite" title="testElephant.TC_Elephant" hash-for-method="TC020(QA6)">TC020(QA6)</a> <!-- method navigator-link -->
                      </span>
                      <br/>
                      <span>
                        <img width="3%" src="passed.png"/>
                        <a href="#" class="method navigator-link" panel-name="suite-Suite" title="testApparent.TC_Apparent" hash-for-method="TC020(QA6)">TC020(QA6)</a> <!-- method navigator-link -->
                      </span>
                      <br/>
                      <span>
                        <img width="3%" src="passed.png"/>
                        <a href="#" class="method navigator-link" panel-name="suite-Suite" title="testApparent.TC_Apparent" hash-for-method="TC021(QA6)">TC021(QA6)</a> <!-- method navigator-link -->
                      </span>
                      <br/>
                      <span>
                        <img width="3%" src="passed.png"/>
                        <a href="#" class="method navigator-link" panel-name="suite-Suite" title="testElephant.TC_Elephant" hash-for-method="TC021(QA6)">TC021(QA6)</a> <!-- method navigator-link -->
                      </span>
                      <br/>
                      <span>
                        <img width="3%" src="passed.png"/>
                        <a href="#" class="method navigator-link" panel-name="suite-Suite" title="testElephant.TC_Elephant" hash-for-method="TC022(QA6)">TC022(QA6)</a> <!-- method navigator-link -->
                      </span>
                      <br/>
                      <span>
                        <img width="3%" src="passed.png"/>
                        <a href="#" class="method navigator-link" panel-name="suite-Suite" title="testApparent.TC_Apparent" hash-for-method="TC022(QA6)">TC022(QA6)</a> <!-- method navigator-link -->
                      </span>
                      <br/>
                      <span>
                        <img width="3%" src="passed.png"/>
                        <a href="#" class="method navigator-link" panel-name="suite-Suite" title="testApparent.TC_Apparent" hash-for-method="TC023(QA6)">TC023(QA6)</a> <!-- method navigator-link -->
                      </span>
                      <br/>
                    </div> <!-- method-list-content passed suite-Suite -->
                  </li>
                </ul>
              </div> <!-- suite-section-content -->
            </div> <!-- result-section -->
          </div> <!-- navigator-suite-content -->
        </div> <!-- rounded-window -->
      </div> <!-- suite -->
    </div> <!-- navigator-root -->
    <div class="wrapper">
      <div class="main-panel-root">
        <div panel-name="suite-Suite" class="panel Suite">
          <div class="suite-Suite-class-failed">
            <div class="main-panel-header rounded-window-top">
              <img src="failed.png"/>
              <span class="class-name">testApparent.TC_Apparent</span>
            </div> <!-- main-panel-header rounded-window-top -->
            <div class="main-panel-content rounded-window-bottom">
              <div class="method">
                <div class="method-content">
                  <a name="TC004(QA6)">
                  </a> <!-- TC004(QA6) -->
                  <span class="method-name">TC004</span>
                  <span class="parameters">(QA6)</span>
                  <div class="stack-trace">org.openqa.selenium.NoSuchElementException: no such element: Unable to locate element: {&quot;method&quot;:&quot;id&quot;,&quot;selector&quot;:&quot;txtBankFirstName&quot;}
  (Session info: chrome=84.0.4147.135)
  (Driver info: chromedriver=83.0.4103.39 (ccbf011cb2d2b19b506d844400483861342c20cd-refs/branch-heads/4103@{#416}),platform=Windows NT 10.0.19041 x86_64) (WARNING: The server did not provide any stacktrace information)
Command duration or timeout: 18 milliseconds
For documentation on this error, please visit: http://seleniumhq.org/exceptions/no_such_element.html
Build info: version: &apos;2.38.0&apos;, revision: &apos;bd32d4e&apos;, time: &apos;2013-12-05 16:16:40&apos;
System info: host: &apos;YogeshTayal&apos;, ip: &apos;10.140.10.65&apos;, os.name: &apos;Windows 10&apos;, os.arch: &apos;amd64&apos;, os.version: &apos;10.0&apos;, java.version: &apos;1.8.0_241&apos;
Driver info: org.openqa.selenium.chrome.ChromeDriver
Capabilities [{mobileEmulationEnabled=false, timeouts={implicit=0, pageLoad=300000, script=30000}, hasTouchScreen=false, platform=XP, acceptSslCerts=false, goog:chromeOptions={debuggerAddress=localhost:61660}, acceptInsecureCerts=false, webStorageEnabled=true, browserName=chrome, takesScreenshot=true, javascriptEnabled=true, setWindowRect=true, unexpectedAlertBehaviour=ignore, applicationCacheEnabled=false, rotatable=false, networkConnectionEnabled=false, chrome={chromedriverVersion=83.0.4103.39 (ccbf011cb2d2b19b506d844400483861342c20cd-refs/branch-heads/4103@{#416}), userDataDir=C:\Users\YOGESH~1.TAY\AppData\Local\Temp\scoped_dir31856_907653478}, takesHeapSnapshot=true, pageLoadStrategy=normal, strictFileInteractability=false, databaseEnabled=false, handlesAlerts=true, version=84.0.4147.135, browserConnectionEnabled=false, proxy={}, nativeEvents=true, locationContextEnabled=true, cssSelectorsEnabled=true, webauthn:virtualAuthenticators=true}]
Session ID: 549fe3aa41a98247c9159d0fb5df7a95
	at org.openqa.selenium.remote.ErrorHandler.createThrowable(ErrorHandler.java:193)
	at org.openqa.selenium.remote.ErrorHandler.throwIfResponseFailed(ErrorHandler.java:145)
	at org.openqa.selenium.remote.RemoteWebDriver.execute(RemoteWebDriver.java:554)
	at org.openqa.selenium.remote.RemoteWebDriver.findElement(RemoteWebDriver.java:307)
	at org.openqa.selenium.remote.RemoteWebDriver.findElementById(RemoteWebDriver.java:348)
	at org.openqa.selenium.By$ById.findElement(By.java:220)
	at org.openqa.selenium.remote.RemoteWebDriver.findElement(RemoteWebDriver.java:299)
	at org.openqa.selenium.support.pagefactory.DefaultElementLocator.findElement(DefaultElementLocator.java:59)
	at org.openqa.selenium.support.pagefactory.internal.LocatingElementHandler.invoke(LocatingElementHandler.java:34)
	at com.sun.proxy.$Proxy8.toString(Unknown Source)
	at java.lang.String.valueOf(Unknown Source)
	at java.lang.StringBuilder.append(Unknown Source)
	at org.openqa.selenium.support.ui.ExpectedConditions$18.toString(ExpectedConditions.java:577)
	at org.openqa.selenium.support.ui.FluentWait.until(FluentWait.java:224)
	at resources.WebFunctions.type(WebFunctions.java:39)
	at SharedTC.STC_NewPaymentMethod.AddAchAccount(STC_NewPaymentMethod.java:17)
	at testApparent.TC_Apparent.TC004(TC_Apparent.java:124)
... Removed 27 stack frames
</div> <!-- stack-trace -->
                  <em>
(Add new payment Method - ACH)                  </em>
                </div> <!-- method-content -->
              </div> <!-- method -->
              <div class="method">
                <div class="method-content">
                  <a name="TC005(QA6)">
                  </a> <!-- TC005(QA6) -->
                  <span class="method-name">TC005</span>
                  <span class="parameters">(QA6)</span>
                  <div class="stack-trace">org.openqa.selenium.NoSuchElementException: no such element: Unable to locate element: {&quot;method&quot;:&quot;id&quot;,&quot;selector&quot;:&quot;txtPolicy&quot;}
  (Session info: chrome=84.0.4147.135)
  (Driver info: chromedriver=83.0.4103.39 (ccbf011cb2d2b19b506d844400483861342c20cd-refs/branch-heads/4103@{#416}),platform=Windows NT 10.0.19041 x86_64) (WARNING: The server did not provide any stacktrace information)
Command duration or timeout: 24 milliseconds
For documentation on this error, please visit: http://seleniumhq.org/exceptions/no_such_element.html
Build info: version: &apos;2.38.0&apos;, revision: &apos;bd32d4e&apos;, time: &apos;2013-12-05 16:16:40&apos;
System info: host: &apos;YogeshTayal&apos;, ip: &apos;10.140.10.65&apos;, os.name: &apos;Windows 10&apos;, os.arch: &apos;amd64&apos;, os.version: &apos;10.0&apos;, java.version: &apos;1.8.0_241&apos;
Driver info: org.openqa.selenium.chrome.ChromeDriver
Capabilities [{mobileEmulationEnabled=false, timeouts={implicit=0, pageLoad=300000, script=30000}, hasTouchScreen=false, platform=XP, acceptSslCerts=false, goog:chromeOptions={debuggerAddress=localhost:62021}, acceptInsecureCerts=false, webStorageEnabled=true, browserName=chrome, takesScreenshot=true, javascriptEnabled=true, setWindowRect=true, unexpectedAlertBehaviour=ignore, applicationCacheEnabled=false, rotatable=false, networkConnectionEnabled=false, chrome={chromedriverVersion=83.0.4103.39 (ccbf011cb2d2b19b506d844400483861342c20cd-refs/branch-heads/4103@{#416}), userDataDir=C:\Users\YOGESH~1.TAY\AppData\Local\Temp\scoped_dir20664_1675884132}, takesHeapSnapshot=true, pageLoadStrategy=normal, strictFileInteractability=false, databaseEnabled=false, handlesAlerts=true, version=84.0.4147.135, browserConnectionEnabled=false, proxy={}, nativeEvents=true, locationContextEnabled=true, cssSelectorsEnabled=true, webauthn:virtualAuthenticators=true}]
Session ID: e8f2d75683d907aaa32b43fa4f475ed7
	at org.openqa.selenium.remote.ErrorHandler.createThrowable(ErrorHandler.java:193)
	at org.openqa.selenium.remote.ErrorHandler.throwIfResponseFailed(ErrorHandler.java:145)
	at org.openqa.selenium.remote.RemoteWebDriver.execute(RemoteWebDriver.java:554)
	at org.openqa.selenium.remote.RemoteWebDriver.findElement(RemoteWebDriver.java:307)
	at org.openqa.selenium.remote.RemoteWebDriver.findElementById(RemoteWebDriver.java:348)
	at org.openqa.selenium.By$ById.findElement(By.java:220)
	at org.openqa.selenium.remote.RemoteWebDriver.findElement(RemoteWebDriver.java:299)
	at org.openqa.selenium.support.pagefactory.DefaultElementLocator.findElement(DefaultElementLocator.java:59)
	at org.openqa.selenium.support.pagefactory.internal.LocatingElementHandler.invoke(LocatingElementHandler.java:34)
	at com.sun.proxy.$Proxy8.toString(Unknown Source)
	at java.lang.String.valueOf(Unknown Source)
	at java.lang.StringBuilder.append(Unknown Source)
	at org.openqa.selenium.support.ui.ExpectedConditions$18.toString(ExpectedConditions.java:577)
	at org.openqa.selenium.support.ui.FluentWait.until(FluentWait.java:224)
	at resources.WebFunctions.type(WebFunctions.java:39)
	at SharedTC.STC_Register.register(STC_Register.java:21)
	at SharedTC.STC_Login.login_Apparent(STC_Login.java:88)
	at testApparent.TC_Apparent.TC005(TC_Apparent.java:142)
... Removed 27 stack frames
</div> <!-- stack-trace -->
                  <em>
(Add new payment Method - Credit Card)                  </em>
                </div> <!-- method-content -->
              </div> <!-- method -->
              <div class="method">
                <div class="method-content">
                  <a name="TC006(QA6)">
                  </a> <!-- TC006(QA6) -->
                  <span class="method-name">TC006</span>
                  <span class="parameters">(QA6)</span>
                  <div class="stack-trace">org.openqa.selenium.WebDriverException: element click intercepted: Element &lt;mat-label id=&quot;lbl-driverLicenseState&quot; class=&quot;ng-tns-c77-4 ng-star-inserted&quot;&gt;...&lt;/mat-label&gt; is not clickable at point (345, 361). Other element would receive the click: &lt;div class=&quot;mat-form-field-infix ng-tns-c77-4&quot;&gt;...&lt;/div&gt;
  (Session info: chrome=84.0.4147.135)
  (Driver info: chromedriver=83.0.4103.39 (ccbf011cb2d2b19b506d844400483861342c20cd-refs/branch-heads/4103@{#416}),platform=Windows NT 10.0.19041 x86_64) (WARNING: The server did not provide any stacktrace information)
Command duration or timeout: 1.11 seconds
Build info: version: &apos;2.38.0&apos;, revision: &apos;bd32d4e&apos;, time: &apos;2013-12-05 16:16:40&apos;
System info: host: &apos;YogeshTayal&apos;, ip: &apos;10.140.10.65&apos;, os.name: &apos;Windows 10&apos;, os.arch: &apos;amd64&apos;, os.version: &apos;10.0&apos;, java.version: &apos;1.8.0_241&apos;
Driver info: org.openqa.selenium.chrome.ChromeDriver
Capabilities [{mobileEmulationEnabled=false, timeouts={implicit=0, pageLoad=300000, script=30000}, hasTouchScreen=false, platform=XP, acceptSslCerts=false, goog:chromeOptions={debuggerAddress=localhost:62441}, acceptInsecureCerts=false, webStorageEnabled=true, browserName=chrome, takesScreenshot=true, javascriptEnabled=true, setWindowRect=true, unexpectedAlertBehaviour=ignore, applicationCacheEnabled=false, rotatable=false, networkConnectionEnabled=false, chrome={chromedriverVersion=83.0.4103.39 (ccbf011cb2d2b19b506d844400483861342c20cd-refs/branch-heads/4103@{#416}), userDataDir=C:\Users\YOGESH~1.TAY\AppData\Local\Temp\scoped_dir15408_138146841}, takesHeapSnapshot=true, pageLoadStrategy=normal, strictFileInteractability=false, databaseEnabled=false, handlesAlerts=true, version=84.0.4147.135, browserConnectionEnabled=false, proxy={}, nativeEvents=true, locationContextEnabled=true, cssSelectorsEnabled=true, webauthn:virtualAuthenticators=true}]
Session ID: 3c2c81c0c3c9058bf0fb3499bbfc10f1
	at org.openqa.selenium.remote.ErrorHandler.createThrowable(ErrorHandler.java:193)
	at org.openqa.selenium.remote.ErrorHandler.throwIfResponseFailed(ErrorHandler.java:145)
	at org.openqa.selenium.remote.RemoteWebDriver.execute(RemoteWebDriver.java:554)
	at org.openqa.selenium.remote.RemoteWebElement.execute(RemoteWebElement.java:268)
	at org.openqa.selenium.remote.RemoteWebElement.click(RemoteWebElement.java:79)
	at org.openqa.selenium.support.pagefactory.internal.LocatingElementHandler.invoke(LocatingElementHandler.java:41)
	at com.sun.proxy.$Proxy8.click(Unknown Source)
	at resources.WebFunctions.click(WebFunctions.java:116)
	at SharedTC.STC_AddDriver.aboutDriver(STC_AddDriver.java:39)
	at testApparent.TC_Apparent.TC006(TC_Apparent.java:163)
... Removed 30 stack frames
</div> <!-- stack-trace -->
                  <em>
(Add Driver without vehicle)                  </em>
                </div> <!-- method-content -->
              </div> <!-- method -->
              <div class="method">
                <div class="method-content">
                  <a name="TC007(QA6)">
                  </a> <!-- TC007(QA6) -->
                  <span class="method-name">TC007</span>
                  <span class="parameters">(QA6)</span>
                  <div class="stack-trace">org.openqa.selenium.WebDriverException: element click intercepted: Element &lt;mat-label id=&quot;lbl-driverLicenseState&quot; class=&quot;ng-tns-c77-4 ng-star-inserted&quot;&gt;...&lt;/mat-label&gt; is not clickable at point (345, 361). Other element would receive the click: &lt;div class=&quot;mat-form-field-infix ng-tns-c77-4&quot;&gt;...&lt;/div&gt;
  (Session info: chrome=84.0.4147.135)
  (Driver info: chromedriver=83.0.4103.39 (ccbf011cb2d2b19b506d844400483861342c20cd-refs/branch-heads/4103@{#416}),platform=Windows NT 10.0.19041 x86_64) (WARNING: The server did not provide any stacktrace information)
Command duration or timeout: 1.04 seconds
Build info: version: &apos;2.38.0&apos;, revision: &apos;bd32d4e&apos;, time: &apos;2013-12-05 16:16:40&apos;
System info: host: &apos;YogeshTayal&apos;, ip: &apos;10.140.10.65&apos;, os.name: &apos;Windows 10&apos;, os.arch: &apos;amd64&apos;, os.version: &apos;10.0&apos;, java.version: &apos;1.8.0_241&apos;
Driver info: org.openqa.selenium.chrome.ChromeDriver
Capabilities [{mobileEmulationEnabled=false, timeouts={implicit=0, pageLoad=300000, script=30000}, hasTouchScreen=false, platform=XP, acceptSslCerts=false, goog:chromeOptions={debuggerAddress=localhost:62658}, acceptInsecureCerts=false, webStorageEnabled=true, browserName=chrome, takesScreenshot=true, javascriptEnabled=true, setWindowRect=true, unexpectedAlertBehaviour=ignore, applicationCacheEnabled=false, rotatable=false, networkConnectionEnabled=false, chrome={chromedriverVersion=83.0.4103.39 (ccbf011cb2d2b19b506d844400483861342c20cd-refs/branch-heads/4103@{#416}), userDataDir=C:\Users\YOGESH~1.TAY\AppData\Local\Temp\scoped_dir32672_1142719701}, takesHeapSnapshot=true, pageLoadStrategy=normal, strictFileInteractability=false, databaseEnabled=false, handlesAlerts=true, version=84.0.4147.135, browserConnectionEnabled=false, proxy={}, nativeEvents=true, locationContextEnabled=true, cssSelectorsEnabled=true, webauthn:virtualAuthenticators=true}]
Session ID: 71cafb59e4efcb4c1fdb4dc5ae8ad4ff
	at org.openqa.selenium.remote.ErrorHandler.createThrowable(ErrorHandler.java:193)
	at org.openqa.selenium.remote.ErrorHandler.throwIfResponseFailed(ErrorHandler.java:145)
	at org.openqa.selenium.remote.RemoteWebDriver.execute(RemoteWebDriver.java:554)
	at org.openqa.selenium.remote.RemoteWebElement.execute(RemoteWebElement.java:268)
	at org.openqa.selenium.remote.RemoteWebElement.click(RemoteWebElement.java:79)
	at org.openqa.selenium.support.pagefactory.internal.LocatingElementHandler.invoke(LocatingElementHandler.java:41)
	at com.sun.proxy.$Proxy8.click(Unknown Source)
	at resources.WebFunctions.click(WebFunctions.java:116)
	at SharedTC.STC_AddDriver.aboutDriverwithvehicle(STC_AddDriver.java:79)
	at testApparent.TC_Apparent.TC007(TC_Apparent.java:186)
... Removed 30 stack frames
</div> <!-- stack-trace -->
                  <em>
(Add Driver with New Vehicle)                  </em>
                </div> <!-- method-content -->
              </div> <!-- method -->
              <div class="method">
                <div class="method-content">
                  <a name="TC008(QA6)">
                  </a> <!-- TC008(QA6) -->
                  <span class="method-name">TC008</span>
                  <span class="parameters">(QA6)</span>
                  <div class="stack-trace">org.openqa.selenium.WebDriverException: element click intercepted: Element &lt;mat-label id=&quot;lbl-driverLicenseState&quot; class=&quot;ng-tns-c77-21 ng-star-inserted&quot;&gt;...&lt;/mat-label&gt; is not clickable at point (345, 360). Other element would receive the click: &lt;div class=&quot;mat-form-field-infix ng-tns-c77-21&quot;&gt;...&lt;/div&gt;
  (Session info: chrome=84.0.4147.135)
  (Driver info: chromedriver=83.0.4103.39 (ccbf011cb2d2b19b506d844400483861342c20cd-refs/branch-heads/4103@{#416}),platform=Windows NT 10.0.19041 x86_64) (WARNING: The server did not provide any stacktrace information)
Command duration or timeout: 1.09 seconds
Build info: version: &apos;2.38.0&apos;, revision: &apos;bd32d4e&apos;, time: &apos;2013-12-05 16:16:40&apos;
System info: host: &apos;YogeshTayal&apos;, ip: &apos;10.140.10.65&apos;, os.name: &apos;Windows 10&apos;, os.arch: &apos;amd64&apos;, os.version: &apos;10.0&apos;, java.version: &apos;1.8.0_241&apos;
Driver info: org.openqa.selenium.chrome.ChromeDriver
Capabilities [{mobileEmulationEnabled=false, timeouts={implicit=0, pageLoad=300000, script=30000}, hasTouchScreen=false, platform=XP, acceptSslCerts=false, goog:chromeOptions={debuggerAddress=localhost:62866}, acceptInsecureCerts=false, webStorageEnabled=true, browserName=chrome, takesScreenshot=true, javascriptEnabled=true, setWindowRect=true, unexpectedAlertBehaviour=ignore, applicationCacheEnabled=false, rotatable=false, networkConnectionEnabled=false, chrome={chromedriverVersion=83.0.4103.39 (ccbf011cb2d2b19b506d844400483861342c20cd-refs/branch-heads/4103@{#416}), userDataDir=C:\Users\YOGESH~1.TAY\AppData\Local\Temp\scoped_dir34652_1016201296}, takesHeapSnapshot=true, pageLoadStrategy=normal, strictFileInteractability=false, databaseEnabled=false, handlesAlerts=true, version=84.0.4147.135, browserConnectionEnabled=false, proxy={}, nativeEvents=true, locationContextEnabled=true, cssSelectorsEnabled=true, webauthn:virtualAuthenticators=true}]
Session ID: 3a3cbd3067be762e8c392a15e05ab171
	at org.openqa.selenium.remote.ErrorHandler.createThrowable(ErrorHandler.java:193)
	at org.openqa.selenium.remote.ErrorHandler.throwIfResponseFailed(ErrorHandler.java:145)
	at org.openqa.selenium.remote.RemoteWebDriver.execute(RemoteWebDriver.java:554)
	at org.openqa.selenium.remote.RemoteWebElement.execute(RemoteWebElement.java:268)
	at org.openqa.selenium.remote.RemoteWebElement.click(RemoteWebElement.java:79)
	at org.openqa.selenium.support.pagefactory.internal.LocatingElementHandler.invoke(LocatingElementHandler.java:41)
	at com.sun.proxy.$Proxy8.click(Unknown Source)
	at resources.WebFunctions.click(WebFunctions.java:116)
	at SharedTC.STC_Vehicle.addDriverToVehicle(STC_Vehicle.java:93)
	at testApparent.TC_Apparent.TC008(TC_Apparent.java:211)
... Removed 30 stack frames
</div> <!-- stack-trace -->
                  <em>
(AddVehicle without VIN)                  </em>
                </div> <!-- method-content -->
              </div> <!-- method -->
              <div class="method">
                <div class="method-content">
                  <a name="TC016(QA6)">
                  </a> <!-- TC016(QA6) -->
                  <span class="method-name">TC016</span>
                  <span class="parameters">(QA6)</span>
                  <div class="stack-trace">org.openqa.selenium.NoSuchElementException: no such element: Unable to locate element: {&quot;method&quot;:&quot;id&quot;,&quot;selector&quot;:&quot;txtApt&quot;}
  (Session info: chrome=84.0.4147.135)
  (Driver info: chromedriver=83.0.4103.39 (ccbf011cb2d2b19b506d844400483861342c20cd-refs/branch-heads/4103@{#416}),platform=Windows NT 10.0.19041 x86_64) (WARNING: The server did not provide any stacktrace information)
Command duration or timeout: 32 milliseconds
For documentation on this error, please visit: http://seleniumhq.org/exceptions/no_such_element.html
Build info: version: &apos;2.38.0&apos;, revision: &apos;bd32d4e&apos;, time: &apos;2013-12-05 16:16:40&apos;
System info: host: &apos;YogeshTayal&apos;, ip: &apos;10.140.10.65&apos;, os.name: &apos;Windows 10&apos;, os.arch: &apos;amd64&apos;, os.version: &apos;10.0&apos;, java.version: &apos;1.8.0_241&apos;
Driver info: org.openqa.selenium.chrome.ChromeDriver
Capabilities [{mobileEmulationEnabled=false, timeouts={implicit=0, pageLoad=300000, script=30000}, hasTouchScreen=false, platform=XP, acceptSslCerts=false, goog:chromeOptions={debuggerAddress=localhost:64953}, acceptInsecureCerts=false, webStorageEnabled=true, browserName=chrome, takesScreenshot=true, javascriptEnabled=true, setWindowRect=true, unexpectedAlertBehaviour=ignore, applicationCacheEnabled=false, rotatable=false, networkConnectionEnabled=false, chrome={chromedriverVersion=83.0.4103.39 (ccbf011cb2d2b19b506d844400483861342c20cd-refs/branch-heads/4103@{#416}), userDataDir=C:\Users\YOGESH~1.TAY\AppData\Local\Temp\scoped_dir6216_1663999160}, takesHeapSnapshot=true, pageLoadStrategy=normal, strictFileInteractability=false, databaseEnabled=false, handlesAlerts=true, version=84.0.4147.135, browserConnectionEnabled=false, proxy={}, nativeEvents=true, locationContextEnabled=true, cssSelectorsEnabled=true, webauthn:virtualAuthenticators=true}]
Session ID: 50d41b8fd928625047680432401453b4
	at org.openqa.selenium.remote.ErrorHandler.createThrowable(ErrorHandler.java:193)
	at org.openqa.selenium.remote.ErrorHandler.throwIfResponseFailed(ErrorHandler.java:145)
	at org.openqa.selenium.remote.RemoteWebDriver.execute(RemoteWebDriver.java:554)
	at org.openqa.selenium.remote.RemoteWebDriver.findElement(RemoteWebDriver.java:307)
	at org.openqa.selenium.remote.RemoteWebDriver.findElementById(RemoteWebDriver.java:348)
	at org.openqa.selenium.By$ById.findElement(By.java:220)
	at org.openqa.selenium.remote.RemoteWebDriver.findElement(RemoteWebDriver.java:299)
	at org.openqa.selenium.support.pagefactory.DefaultElementLocator.findElement(DefaultElementLocator.java:59)
	at org.openqa.selenium.support.pagefactory.internal.LocatingElementHandler.invoke(LocatingElementHandler.java:34)
	at com.sun.proxy.$Proxy8.toString(Unknown Source)
	at java.lang.String.valueOf(Unknown Source)
	at java.lang.StringBuilder.append(Unknown Source)
	at org.openqa.selenium.support.ui.ExpectedConditions$18.toString(ExpectedConditions.java:577)
	at org.openqa.selenium.support.ui.FluentWait.until(FluentWait.java:224)
	at resources.WebFunctions.type(WebFunctions.java:39)
	at SharedTC.STC_PersonalInfo.editMailingAddress(STC_PersonalInfo.java:24)
	at testApparent.TC_Apparent.TC016(TC_Apparent.java:380)
... Removed 27 stack frames
</div> <!-- stack-trace -->
                  <em>
(Edit Mailing Address)                  </em>
                </div> <!-- method-content -->
              </div> <!-- method -->
              <div class="method">
                <div class="method-content">
                  <a name="TC017(QA6)">
                  </a> <!-- TC017(QA6) -->
                  <span class="method-name">TC017</span>
                  <span class="parameters">(QA6)</span>
                  <div class="stack-trace">org.openqa.selenium.NoSuchElementException: no such element: Unable to locate element: {&quot;method&quot;:&quot;id&quot;,&quot;selector&quot;:&quot;txtApt&quot;}
  (Session info: chrome=84.0.4147.135)
  (Driver info: chromedriver=83.0.4103.39 (ccbf011cb2d2b19b506d844400483861342c20cd-refs/branch-heads/4103@{#416}),platform=Windows NT 10.0.19041 x86_64) (WARNING: The server did not provide any stacktrace information)
Command duration or timeout: 30 milliseconds
For documentation on this error, please visit: http://seleniumhq.org/exceptions/no_such_element.html
Build info: version: &apos;2.38.0&apos;, revision: &apos;bd32d4e&apos;, time: &apos;2013-12-05 16:16:40&apos;
System info: host: &apos;YogeshTayal&apos;, ip: &apos;10.140.10.65&apos;, os.name: &apos;Windows 10&apos;, os.arch: &apos;amd64&apos;, os.version: &apos;10.0&apos;, java.version: &apos;1.8.0_241&apos;
Driver info: org.openqa.selenium.chrome.ChromeDriver
Capabilities [{mobileEmulationEnabled=false, timeouts={implicit=0, pageLoad=300000, script=30000}, hasTouchScreen=false, platform=XP, acceptSslCerts=false, goog:chromeOptions={debuggerAddress=localhost:65382}, acceptInsecureCerts=false, webStorageEnabled=true, browserName=chrome, takesScreenshot=true, javascriptEnabled=true, setWindowRect=true, unexpectedAlertBehaviour=ignore, applicationCacheEnabled=false, rotatable=false, networkConnectionEnabled=false, chrome={chromedriverVersion=83.0.4103.39 (ccbf011cb2d2b19b506d844400483861342c20cd-refs/branch-heads/4103@{#416}), userDataDir=C:\Users\YOGESH~1.TAY\AppData\Local\Temp\scoped_dir28584_1472158485}, takesHeapSnapshot=true, pageLoadStrategy=normal, strictFileInteractability=false, databaseEnabled=false, handlesAlerts=true, version=84.0.4147.135, browserConnectionEnabled=false, proxy={}, nativeEvents=true, locationContextEnabled=true, cssSelectorsEnabled=true, webauthn:virtualAuthenticators=true}]
Session ID: 3feb2a526075492f2a7650718950a17b
	at org.openqa.selenium.remote.ErrorHandler.createThrowable(ErrorHandler.java:193)
	at org.openqa.selenium.remote.ErrorHandler.throwIfResponseFailed(ErrorHandler.java:145)
	at org.openqa.selenium.remote.RemoteWebDriver.execute(RemoteWebDriver.java:554)
	at org.openqa.selenium.remote.RemoteWebDriver.findElement(RemoteWebDriver.java:307)
	at org.openqa.selenium.remote.RemoteWebDriver.findElementById(RemoteWebDriver.java:348)
	at org.openqa.selenium.By$ById.findElement(By.java:220)
	at org.openqa.selenium.remote.RemoteWebDriver.findElement(RemoteWebDriver.java:299)
	at org.openqa.selenium.support.pagefactory.DefaultElementLocator.findElement(DefaultElementLocator.java:59)
	at org.openqa.selenium.support.pagefactory.internal.LocatingElementHandler.invoke(LocatingElementHandler.java:34)
	at com.sun.proxy.$Proxy8.toString(Unknown Source)
	at java.lang.String.valueOf(Unknown Source)
	at java.lang.StringBuilder.append(Unknown Source)
	at org.openqa.selenium.support.ui.ExpectedConditions$18.toString(ExpectedConditions.java:577)
	at org.openqa.selenium.support.ui.FluentWait.until(FluentWait.java:224)
	at resources.WebFunctions.type(WebFunctions.java:39)
	at SharedTC.STC_PersonalInfo.editGaragingAddress(STC_PersonalInfo.java:41)
	at testApparent.TC_Apparent.TC017(TC_Apparent.java:401)
... Removed 27 stack frames
</div> <!-- stack-trace -->
                  <em>
(EditGaragingAddress)                  </em>
                </div> <!-- method-content -->
              </div> <!-- method -->
              <div class="method">
                <div class="method-content">
                  <a name="TC018(QA6)">
                  </a> <!-- TC018(QA6) -->
                  <span class="method-name">TC018</span>
                  <span class="parameters">(QA6)</span>
                  <div class="stack-trace">org.openqa.selenium.NoSuchElementException: no such element: Unable to locate element: {&quot;method&quot;:&quot;id&quot;,&quot;selector&quot;:&quot;txtPolicy&quot;}
  (Session info: chrome=84.0.4147.135)
  (Driver info: chromedriver=83.0.4103.39 (ccbf011cb2d2b19b506d844400483861342c20cd-refs/branch-heads/4103@{#416}),platform=Windows NT 10.0.19041 x86_64) (WARNING: The server did not provide any stacktrace information)
Command duration or timeout: 17 milliseconds
For documentation on this error, please visit: http://seleniumhq.org/exceptions/no_such_element.html
Build info: version: &apos;2.38.0&apos;, revision: &apos;bd32d4e&apos;, time: &apos;2013-12-05 16:16:40&apos;
System info: host: &apos;YogeshTayal&apos;, ip: &apos;10.140.10.65&apos;, os.name: &apos;Windows 10&apos;, os.arch: &apos;amd64&apos;, os.version: &apos;10.0&apos;, java.version: &apos;1.8.0_241&apos;
Driver info: org.openqa.selenium.chrome.ChromeDriver
Capabilities [{mobileEmulationEnabled=false, timeouts={implicit=0, pageLoad=300000, script=30000}, hasTouchScreen=false, platform=XP, acceptSslCerts=false, goog:chromeOptions={debuggerAddress=localhost:49512}, acceptInsecureCerts=false, webStorageEnabled=true, browserName=chrome, takesScreenshot=true, javascriptEnabled=true, setWindowRect=true, unexpectedAlertBehaviour=ignore, applicationCacheEnabled=false, rotatable=false, networkConnectionEnabled=false, chrome={chromedriverVersion=83.0.4103.39 (ccbf011cb2d2b19b506d844400483861342c20cd-refs/branch-heads/4103@{#416}), userDataDir=C:\Users\YOGESH~1.TAY\AppData\Local\Temp\scoped_dir31488_388159695}, takesHeapSnapshot=true, pageLoadStrategy=normal, strictFileInteractability=false, databaseEnabled=false, handlesAlerts=true, version=84.0.4147.135, browserConnectionEnabled=false, proxy={}, nativeEvents=true, locationContextEnabled=true, cssSelectorsEnabled=true, webauthn:virtualAuthenticators=true}]
Session ID: bb5a5018ee1ee3d4fa8e3c35b0d74953
	at org.openqa.selenium.remote.ErrorHandler.createThrowable(ErrorHandler.java:193)
	at org.openqa.selenium.remote.ErrorHandler.throwIfResponseFailed(ErrorHandler.java:145)
	at org.openqa.selenium.remote.RemoteWebDriver.execute(RemoteWebDriver.java:554)
	at org.openqa.selenium.remote.RemoteWebDriver.findElement(RemoteWebDriver.java:307)
	at org.openqa.selenium.remote.RemoteWebDriver.findElementById(RemoteWebDriver.java:348)
	at org.openqa.selenium.By$ById.findElement(By.java:220)
	at org.openqa.selenium.remote.RemoteWebDriver.findElement(RemoteWebDriver.java:299)
	at org.openqa.selenium.support.pagefactory.DefaultElementLocator.findElement(DefaultElementLocator.java:59)
	at org.openqa.selenium.support.pagefactory.internal.LocatingElementHandler.invoke(LocatingElementHandler.java:34)
	at com.sun.proxy.$Proxy8.toString(Unknown Source)
	at java.lang.String.valueOf(Unknown Source)
	at java.lang.StringBuilder.append(Unknown Source)
	at org.openqa.selenium.support.ui.ExpectedConditions$18.toString(ExpectedConditions.java:577)
	at org.openqa.selenium.support.ui.FluentWait.until(FluentWait.java:224)
	at resources.WebFunctions.type(WebFunctions.java:39)
	at SharedTC.STC_Register.register(STC_Register.java:21)
	at SharedTC.STC_Login.login_Apparent(STC_Login.java:88)
	at testApparent.TC_Apparent.TC018(TC_Apparent.java:421)
... Removed 27 stack frames
</div> <!-- stack-trace -->
                  <em>
(Verify Claims)                  </em>
                </div> <!-- method-content -->
              </div> <!-- method -->
              <div class="method">
                <div class="method-content">
                  <a name="TC019(QA6)">
                  </a> <!-- TC019(QA6) -->
                  <span class="method-name">TC019</span>
                  <span class="parameters">(QA6)</span>
                  <div class="stack-trace">org.openqa.selenium.TimeoutException: Timed out after 40 seconds waiting for visibility of element located by By.xpath: //*[contains(@id,&apos;2011-CHEVROLET-CRUZELS&apos;)]
Build info: version: &apos;2.38.0&apos;, revision: &apos;bd32d4e&apos;, time: &apos;2013-12-05 16:16:40&apos;
System info: host: &apos;YogeshTayal&apos;, ip: &apos;10.140.10.65&apos;, os.name: &apos;Windows 10&apos;, os.arch: &apos;amd64&apos;, os.version: &apos;10.0&apos;, java.version: &apos;1.8.0_241&apos;
Driver info: driver.version: unknown
	at org.openqa.selenium.support.ui.FluentWait.timeoutException(FluentWait.java:259)
	at org.openqa.selenium.support.ui.FluentWait.until(FluentWait.java:228)
	at resources.WebFunctions.click(WebFunctions.java:158)
	at SharedTC.STC_Vehicle.editVehicleCoverages(STC_Vehicle.java:324)
	at testApparent.TC_Apparent.TC019(TC_Apparent.java:444)
Caused by: org.openqa.selenium.NoSuchElementException: no such element: Unable to locate element: {&quot;method&quot;:&quot;xpath&quot;,&quot;selector&quot;:&quot;//*[contains(@id,&apos;2011-CHEVROLET-CRUZELS&apos;)]&quot;}
  (Session info: chrome=84.0.4147.135)
  (Driver info: chromedriver=83.0.4103.39 (ccbf011cb2d2b19b506d844400483861342c20cd-refs/branch-heads/4103@{#416}),platform=Windows NT 10.0.19041 x86_64) (WARNING: The server did not provide any stacktrace information)
Command duration or timeout: 26 milliseconds
For documentation on this error, please visit: http://seleniumhq.org/exceptions/no_such_element.html
Build info: version: &apos;2.38.0&apos;, revision: &apos;bd32d4e&apos;, time: &apos;2013-12-05 16:16:40&apos;
System info: host: &apos;YogeshTayal&apos;, ip: &apos;10.140.10.65&apos;, os.name: &apos;Windows 10&apos;, os.arch: &apos;amd64&apos;, os.version: &apos;10.0&apos;, java.version: &apos;1.8.0_241&apos;
Driver info: org.openqa.selenium.chrome.ChromeDriver
Capabilities [{mobileEmulationEnabled=false, timeouts={implicit=0, pageLoad=300000, script=30000}, hasTouchScreen=false, platform=XP, acceptSslCerts=false, goog:chromeOptions={debuggerAddress=localhost:49925}, acceptInsecureCerts=false, webStorageEnabled=true, browserName=chrome, takesScreenshot=true, javascriptEnabled=true, setWindowRect=true, unexpectedAlertBehaviour=ignore, applicationCacheEnabled=false, rotatable=false, networkConnectionEnabled=false, chrome={chromedriverVersion=83.0.4103.39 (ccbf011cb2d2b19b506d844400483861342c20cd-refs/branch-heads/4103@{#416}), userDataDir=C:\Users\YOGESH~1.TAY\AppData\Local\Temp\scoped_dir19664_1353797005}, takesHeapSnapshot=true, pageLoadStrategy=normal, strictFileInteractability=false, databaseEnabled=false, handlesAlerts=true, version=84.0.4147.135, browserConnectionEnabled=false, proxy={}, nativeEvents=true, locationContextEnabled=true, cssSelectorsEnabled=true, webauthn:virtualAuthenticators=true}]
Session ID: 4b4094aa54693a6e58d083629466d09c
	at org.openqa.selenium.remote.ErrorHandler.createThrowable(ErrorHandler.java:193)
	at org.openqa.selenium.remote.ErrorHandler.throwIfResponseFailed(ErrorHandler.java:145)
	at org.openqa.selenium.remote.RemoteWebDriver.execute(RemoteWebDriver.java:554)
	at org.openqa.selenium.remote.RemoteWebDriver.findElement(RemoteWebDriver.java:307)
	at org.openqa.selenium.remote.RemoteWebDriver.findElementByXPath(RemoteWebDriver.java:404)
	at org.openqa.selenium.By$ByXPath.findElement(By.java:363)
	at org.openqa.selenium.remote.RemoteWebDriver.findElement(RemoteWebDriver.java:299)
	at org.openqa.selenium.support.ui.ExpectedConditions.findElement(ExpectedConditions.java:730)
	at org.openqa.selenium.support.ui.ExpectedConditions.access$0(ExpectedConditions.java:728)
	at org.openqa.selenium.support.ui.ExpectedConditions$4.apply(ExpectedConditions.java:130)
	at org.openqa.selenium.support.ui.ExpectedConditions$4.apply(ExpectedConditions.java:1)
	at org.openqa.selenium.support.ui.FluentWait.until(FluentWait.java:208)
	... 27 more
... Removed 27 stack frames
</div> <!-- stack-trace -->
                  <em>
(Edit Vehicle Coverages)                  </em>
                </div> <!-- method-content -->
              </div> <!-- method -->
            </div> <!-- main-panel-content rounded-window-bottom -->
          </div> <!-- suite-Suite-class-failed -->
          <div class="suite-Suite-class-failed">
            <div class="main-panel-header rounded-window-top">
              <img src="failed.png"/>
              <span class="class-name">testElephant.TC_Elephant</span>
            </div> <!-- main-panel-header rounded-window-top -->
            <div class="main-panel-content rounded-window-bottom">
              <div class="method">
                <div class="method-content">
                  <a name="TC006(QA6)">
                  </a> <!-- TC006(QA6) -->
                  <span class="method-name">TC006</span>
                  <span class="parameters">(QA6)</span>
                  <div class="stack-trace">org.openqa.selenium.WebDriverException: element click intercepted: Element &lt;mat-label id=&quot;lbl-driverLicenseState&quot; class=&quot;ng-tns-c77-4 ng-star-inserted&quot;&gt;...&lt;/mat-label&gt; is not clickable at point (348, 357). Other element would receive the click: &lt;div class=&quot;mat-form-field-infix ng-tns-c77-4&quot;&gt;...&lt;/div&gt;
  (Session info: chrome=84.0.4147.135)
  (Driver info: chromedriver=83.0.4103.39 (ccbf011cb2d2b19b506d844400483861342c20cd-refs/branch-heads/4103@{#416}),platform=Windows NT 10.0.19041 x86_64) (WARNING: The server did not provide any stacktrace information)
Command duration or timeout: 1.11 seconds
Build info: version: &apos;2.38.0&apos;, revision: &apos;bd32d4e&apos;, time: &apos;2013-12-05 16:16:40&apos;
System info: host: &apos;YogeshTayal&apos;, ip: &apos;10.140.10.65&apos;, os.name: &apos;Windows 10&apos;, os.arch: &apos;amd64&apos;, os.version: &apos;10.0&apos;, java.version: &apos;1.8.0_241&apos;
Driver info: org.openqa.selenium.chrome.ChromeDriver
Capabilities [{mobileEmulationEnabled=false, timeouts={implicit=0, pageLoad=300000, script=30000}, hasTouchScreen=false, platform=XP, acceptSslCerts=false, goog:chromeOptions={debuggerAddress=localhost:55920}, acceptInsecureCerts=false, webStorageEnabled=true, browserName=chrome, takesScreenshot=true, javascriptEnabled=true, setWindowRect=true, unexpectedAlertBehaviour=ignore, applicationCacheEnabled=false, rotatable=false, networkConnectionEnabled=false, chrome={chromedriverVersion=83.0.4103.39 (ccbf011cb2d2b19b506d844400483861342c20cd-refs/branch-heads/4103@{#416}), userDataDir=C:\Users\YOGESH~1.TAY\AppData\Local\Temp\scoped_dir31748_454812953}, takesHeapSnapshot=true, pageLoadStrategy=normal, strictFileInteractability=false, databaseEnabled=false, handlesAlerts=true, version=84.0.4147.135, browserConnectionEnabled=false, proxy={}, nativeEvents=true, locationContextEnabled=true, cssSelectorsEnabled=true, webauthn:virtualAuthenticators=true}]
Session ID: ad1260ad03be1877ff002abbc9de67b5
	at org.openqa.selenium.remote.ErrorHandler.createThrowable(ErrorHandler.java:193)
	at org.openqa.selenium.remote.ErrorHandler.throwIfResponseFailed(ErrorHandler.java:145)
	at org.openqa.selenium.remote.RemoteWebDriver.execute(RemoteWebDriver.java:554)
	at org.openqa.selenium.remote.RemoteWebElement.execute(RemoteWebElement.java:268)
	at org.openqa.selenium.remote.RemoteWebElement.click(RemoteWebElement.java:79)
	at org.openqa.selenium.support.pagefactory.internal.LocatingElementHandler.invoke(LocatingElementHandler.java:41)
	at com.sun.proxy.$Proxy8.click(Unknown Source)
	at resources.WebFunctions.click(WebFunctions.java:116)
	at SharedTC.STC_AddDriver.aboutDriver(STC_AddDriver.java:39)
	at testElephant.TC_Elephant.TC006(TC_Elephant.java:171)
... Removed 31 stack frames
</div> <!-- stack-trace -->
                  <em>
(Add Driver without vehicle)                  </em>
                </div> <!-- method-content -->
              </div> <!-- method -->
              <div class="method">
                <div class="method-content">
                  <a name="TC007(QA6)">
                  </a> <!-- TC007(QA6) -->
                  <span class="method-name">TC007</span>
                  <span class="parameters">(QA6)</span>
                  <div class="stack-trace">org.openqa.selenium.WebDriverException: element click intercepted: Element &lt;mat-label id=&quot;lbl-driverLicenseState&quot; class=&quot;ng-tns-c77-4 ng-star-inserted&quot;&gt;...&lt;/mat-label&gt; is not clickable at point (348, 357). Other element would receive the click: &lt;div class=&quot;mat-form-field-infix ng-tns-c77-4&quot;&gt;...&lt;/div&gt;
  (Session info: chrome=84.0.4147.135)
  (Driver info: chromedriver=83.0.4103.39 (ccbf011cb2d2b19b506d844400483861342c20cd-refs/branch-heads/4103@{#416}),platform=Windows NT 10.0.19041 x86_64) (WARNING: The server did not provide any stacktrace information)
Command duration or timeout: 1.08 seconds
Build info: version: &apos;2.38.0&apos;, revision: &apos;bd32d4e&apos;, time: &apos;2013-12-05 16:16:40&apos;
System info: host: &apos;YogeshTayal&apos;, ip: &apos;10.140.10.65&apos;, os.name: &apos;Windows 10&apos;, os.arch: &apos;amd64&apos;, os.version: &apos;10.0&apos;, java.version: &apos;1.8.0_241&apos;
Driver info: org.openqa.selenium.chrome.ChromeDriver
Capabilities [{mobileEmulationEnabled=false, timeouts={implicit=0, pageLoad=300000, script=30000}, hasTouchScreen=false, platform=XP, acceptSslCerts=false, goog:chromeOptions={debuggerAddress=localhost:56136}, acceptInsecureCerts=false, webStorageEnabled=true, browserName=chrome, takesScreenshot=true, javascriptEnabled=true, setWindowRect=true, unexpectedAlertBehaviour=ignore, applicationCacheEnabled=false, rotatable=false, networkConnectionEnabled=false, chrome={chromedriverVersion=83.0.4103.39 (ccbf011cb2d2b19b506d844400483861342c20cd-refs/branch-heads/4103@{#416}), userDataDir=C:\Users\YOGESH~1.TAY\AppData\Local\Temp\scoped_dir23208_1513226757}, takesHeapSnapshot=true, pageLoadStrategy=normal, strictFileInteractability=false, databaseEnabled=false, handlesAlerts=true, version=84.0.4147.135, browserConnectionEnabled=false, proxy={}, nativeEvents=true, locationContextEnabled=true, cssSelectorsEnabled=true, webauthn:virtualAuthenticators=true}]
Session ID: 0995850e14688334055a5ccbc4045c77
	at org.openqa.selenium.remote.ErrorHandler.createThrowable(ErrorHandler.java:193)
	at org.openqa.selenium.remote.ErrorHandler.throwIfResponseFailed(ErrorHandler.java:145)
	at org.openqa.selenium.remote.RemoteWebDriver.execute(RemoteWebDriver.java:554)
	at org.openqa.selenium.remote.RemoteWebElement.execute(RemoteWebElement.java:268)
	at org.openqa.selenium.remote.RemoteWebElement.click(RemoteWebElement.java:79)
	at org.openqa.selenium.support.pagefactory.internal.LocatingElementHandler.invoke(LocatingElementHandler.java:41)
	at com.sun.proxy.$Proxy8.click(Unknown Source)
	at resources.WebFunctions.click(WebFunctions.java:116)
	at SharedTC.STC_AddDriver.aboutDriverwithvehicle(STC_AddDriver.java:79)
	at testElephant.TC_Elephant.TC007(TC_Elephant.java:194)
... Removed 31 stack frames
</div> <!-- stack-trace -->
                  <em>
(Add Driver with New Vehicle)                  </em>
                </div> <!-- method-content -->
              </div> <!-- method -->
              <div class="method">
                <div class="method-content">
                  <a name="TC008(QA6)">
                  </a> <!-- TC008(QA6) -->
                  <span class="method-name">TC008</span>
                  <span class="parameters">(QA6)</span>
                  <div class="stack-trace">org.openqa.selenium.WebDriverException: element click intercepted: Element &lt;mat-label id=&quot;lbl-driverLicenseState&quot; class=&quot;ng-tns-c77-21 ng-star-inserted&quot;&gt;...&lt;/mat-label&gt; is not clickable at point (348, 357). Other element would receive the click: &lt;div class=&quot;mat-form-field-infix ng-tns-c77-21&quot;&gt;...&lt;/div&gt;
  (Session info: chrome=84.0.4147.135)
  (Driver info: chromedriver=83.0.4103.39 (ccbf011cb2d2b19b506d844400483861342c20cd-refs/branch-heads/4103@{#416}),platform=Windows NT 10.0.19041 x86_64) (WARNING: The server did not provide any stacktrace information)
Command duration or timeout: 1.08 seconds
Build info: version: &apos;2.38.0&apos;, revision: &apos;bd32d4e&apos;, time: &apos;2013-12-05 16:16:40&apos;
System info: host: &apos;YogeshTayal&apos;, ip: &apos;10.140.10.65&apos;, os.name: &apos;Windows 10&apos;, os.arch: &apos;amd64&apos;, os.version: &apos;10.0&apos;, java.version: &apos;1.8.0_241&apos;
Driver info: org.openqa.selenium.chrome.ChromeDriver
Capabilities [{mobileEmulationEnabled=false, timeouts={implicit=0, pageLoad=300000, script=30000}, hasTouchScreen=false, platform=XP, acceptSslCerts=false, goog:chromeOptions={debuggerAddress=localhost:56345}, acceptInsecureCerts=false, webStorageEnabled=true, browserName=chrome, takesScreenshot=true, javascriptEnabled=true, setWindowRect=true, unexpectedAlertBehaviour=ignore, applicationCacheEnabled=false, rotatable=false, networkConnectionEnabled=false, chrome={chromedriverVersion=83.0.4103.39 (ccbf011cb2d2b19b506d844400483861342c20cd-refs/branch-heads/4103@{#416}), userDataDir=C:\Users\YOGESH~1.TAY\AppData\Local\Temp\scoped_dir19300_132405441}, takesHeapSnapshot=true, pageLoadStrategy=normal, strictFileInteractability=false, databaseEnabled=false, handlesAlerts=true, version=84.0.4147.135, browserConnectionEnabled=false, proxy={}, nativeEvents=true, locationContextEnabled=true, cssSelectorsEnabled=true, webauthn:virtualAuthenticators=true}]
Session ID: db5f2c54551860e08031dd9c7a555a3b
	at org.openqa.selenium.remote.ErrorHandler.createThrowable(ErrorHandler.java:193)
	at org.openqa.selenium.remote.ErrorHandler.throwIfResponseFailed(ErrorHandler.java:145)
	at org.openqa.selenium.remote.RemoteWebDriver.execute(RemoteWebDriver.java:554)
	at org.openqa.selenium.remote.RemoteWebElement.execute(RemoteWebElement.java:268)
	at org.openqa.selenium.remote.RemoteWebElement.click(RemoteWebElement.java:79)
	at org.openqa.selenium.support.pagefactory.internal.LocatingElementHandler.invoke(LocatingElementHandler.java:41)
	at com.sun.proxy.$Proxy8.click(Unknown Source)
	at resources.WebFunctions.click(WebFunctions.java:116)
	at SharedTC.STC_Vehicle.addDriverToVehicle(STC_Vehicle.java:93)
	at testElephant.TC_Elephant.TC008(TC_Elephant.java:217)
... Removed 31 stack frames
</div> <!-- stack-trace -->
                  <em>
(AddVehicle without VIN)                  </em>
                </div> <!-- method-content -->
              </div> <!-- method -->
              <div class="method">
                <div class="method-content">
                  <a name="TC016(QA6)">
                  </a> <!-- TC016(QA6) -->
                  <span class="method-name">TC016</span>
                  <span class="parameters">(QA6)</span>
                  <div class="stack-trace">org.openqa.selenium.NoSuchElementException: no such element: Unable to locate element: {&quot;method&quot;:&quot;id&quot;,&quot;selector&quot;:&quot;txtApt&quot;}
  (Session info: chrome=84.0.4147.135)
  (Driver info: chromedriver=83.0.4103.39 (ccbf011cb2d2b19b506d844400483861342c20cd-refs/branch-heads/4103@{#416}),platform=Windows NT 10.0.19041 x86_64) (WARNING: The server did not provide any stacktrace information)
Command duration or timeout: 32 milliseconds
For documentation on this error, please visit: http://seleniumhq.org/exceptions/no_such_element.html
Build info: version: &apos;2.38.0&apos;, revision: &apos;bd32d4e&apos;, time: &apos;2013-12-05 16:16:40&apos;
System info: host: &apos;YogeshTayal&apos;, ip: &apos;10.140.10.65&apos;, os.name: &apos;Windows 10&apos;, os.arch: &apos;amd64&apos;, os.version: &apos;10.0&apos;, java.version: &apos;1.8.0_241&apos;
Driver info: org.openqa.selenium.chrome.ChromeDriver
Capabilities [{mobileEmulationEnabled=false, timeouts={implicit=0, pageLoad=300000, script=30000}, hasTouchScreen=false, platform=XP, acceptSslCerts=false, goog:chromeOptions={debuggerAddress=localhost:58333}, acceptInsecureCerts=false, webStorageEnabled=true, browserName=chrome, takesScreenshot=true, javascriptEnabled=true, setWindowRect=true, unexpectedAlertBehaviour=ignore, applicationCacheEnabled=false, rotatable=false, networkConnectionEnabled=false, chrome={chromedriverVersion=83.0.4103.39 (ccbf011cb2d2b19b506d844400483861342c20cd-refs/branch-heads/4103@{#416}), userDataDir=C:\Users\YOGESH~1.TAY\AppData\Local\Temp\scoped_dir33896_234657131}, takesHeapSnapshot=true, pageLoadStrategy=normal, strictFileInteractability=false, databaseEnabled=false, handlesAlerts=true, version=84.0.4147.135, browserConnectionEnabled=false, proxy={}, nativeEvents=true, locationContextEnabled=true, cssSelectorsEnabled=true, webauthn:virtualAuthenticators=true}]
Session ID: 2bdc47057f337f29a26ce2d89e095e4a
	at org.openqa.selenium.remote.ErrorHandler.createThrowable(ErrorHandler.java:193)
	at org.openqa.selenium.remote.ErrorHandler.throwIfResponseFailed(ErrorHandler.java:145)
	at org.openqa.selenium.remote.RemoteWebDriver.execute(RemoteWebDriver.java:554)
	at org.openqa.selenium.remote.RemoteWebDriver.findElement(RemoteWebDriver.java:307)
	at org.openqa.selenium.remote.RemoteWebDriver.findElementById(RemoteWebDriver.java:348)
	at org.openqa.selenium.By$ById.findElement(By.java:220)
	at org.openqa.selenium.remote.RemoteWebDriver.findElement(RemoteWebDriver.java:299)
	at org.openqa.selenium.support.pagefactory.DefaultElementLocator.findElement(DefaultElementLocator.java:59)
	at org.openqa.selenium.support.pagefactory.internal.LocatingElementHandler.invoke(LocatingElementHandler.java:34)
	at com.sun.proxy.$Proxy8.toString(Unknown Source)
	at java.lang.String.valueOf(Unknown Source)
	at java.lang.StringBuilder.append(Unknown Source)
	at org.openqa.selenium.support.ui.ExpectedConditions$18.toString(ExpectedConditions.java:577)
	at org.openqa.selenium.support.ui.FluentWait.until(FluentWait.java:224)
	at resources.WebFunctions.type(WebFunctions.java:39)
	at SharedTC.STC_PersonalInfo.editMailingAddress(STC_PersonalInfo.java:24)
	at testElephant.TC_Elephant.TC016(TC_Elephant.java:374)
... Removed 27 stack frames
</div> <!-- stack-trace -->
                  <em>
(Edit Mailing Address)                  </em>
                </div> <!-- method-content -->
              </div> <!-- method -->
              <div class="method">
                <div class="method-content">
                  <a name="TC017(QA6)">
                  </a> <!-- TC017(QA6) -->
                  <span class="method-name">TC017</span>
                  <span class="parameters">(QA6)</span>
                  <div class="stack-trace">org.openqa.selenium.NoSuchElementException: no such element: Unable to locate element: {&quot;method&quot;:&quot;id&quot;,&quot;selector&quot;:&quot;txtApt&quot;}
  (Session info: chrome=84.0.4147.135)
  (Driver info: chromedriver=83.0.4103.39 (ccbf011cb2d2b19b506d844400483861342c20cd-refs/branch-heads/4103@{#416}),platform=Windows NT 10.0.19041 x86_64) (WARNING: The server did not provide any stacktrace information)
Command duration or timeout: 10 milliseconds
For documentation on this error, please visit: http://seleniumhq.org/exceptions/no_such_element.html
Build info: version: &apos;2.38.0&apos;, revision: &apos;bd32d4e&apos;, time: &apos;2013-12-05 16:16:40&apos;
System info: host: &apos;YogeshTayal&apos;, ip: &apos;10.140.10.65&apos;, os.name: &apos;Windows 10&apos;, os.arch: &apos;amd64&apos;, os.version: &apos;10.0&apos;, java.version: &apos;1.8.0_241&apos;
Driver info: org.openqa.selenium.chrome.ChromeDriver
Capabilities [{mobileEmulationEnabled=false, timeouts={implicit=0, pageLoad=300000, script=30000}, hasTouchScreen=false, platform=XP, acceptSslCerts=false, goog:chromeOptions={debuggerAddress=localhost:58721}, acceptInsecureCerts=false, webStorageEnabled=true, browserName=chrome, takesScreenshot=true, javascriptEnabled=true, setWindowRect=true, unexpectedAlertBehaviour=ignore, applicationCacheEnabled=false, rotatable=false, networkConnectionEnabled=false, chrome={chromedriverVersion=83.0.4103.39 (ccbf011cb2d2b19b506d844400483861342c20cd-refs/branch-heads/4103@{#416}), userDataDir=C:\Users\YOGESH~1.TAY\AppData\Local\Temp\scoped_dir35800_1453887971}, takesHeapSnapshot=true, pageLoadStrategy=normal, strictFileInteractability=false, databaseEnabled=false, handlesAlerts=true, version=84.0.4147.135, browserConnectionEnabled=false, proxy={}, nativeEvents=true, locationContextEnabled=true, cssSelectorsEnabled=true, webauthn:virtualAuthenticators=true}]
Session ID: 7446597ca5395d4483499dd92909aa90
	at org.openqa.selenium.remote.ErrorHandler.createThrowable(ErrorHandler.java:193)
	at org.openqa.selenium.remote.ErrorHandler.throwIfResponseFailed(ErrorHandler.java:145)
	at org.openqa.selenium.remote.RemoteWebDriver.execute(RemoteWebDriver.java:554)
	at org.openqa.selenium.remote.RemoteWebDriver.findElement(RemoteWebDriver.java:307)
	at org.openqa.selenium.remote.RemoteWebDriver.findElementById(RemoteWebDriver.java:348)
	at org.openqa.selenium.By$ById.findElement(By.java:220)
	at org.openqa.selenium.remote.RemoteWebDriver.findElement(RemoteWebDriver.java:299)
	at org.openqa.selenium.support.pagefactory.DefaultElementLocator.findElement(DefaultElementLocator.java:59)
	at org.openqa.selenium.support.pagefactory.internal.LocatingElementHandler.invoke(LocatingElementHandler.java:34)
	at com.sun.proxy.$Proxy8.toString(Unknown Source)
	at java.lang.String.valueOf(Unknown Source)
	at java.lang.StringBuilder.append(Unknown Source)
	at org.openqa.selenium.support.ui.ExpectedConditions$18.toString(ExpectedConditions.java:577)
	at org.openqa.selenium.support.ui.FluentWait.until(FluentWait.java:224)
	at resources.WebFunctions.type(WebFunctions.java:39)
	at SharedTC.STC_PersonalInfo.editGaragingAddress(STC_PersonalInfo.java:41)
	at testElephant.TC_Elephant.TC017(TC_Elephant.java:394)
... Removed 27 stack frames
</div> <!-- stack-trace -->
                  <em>
(Edit Garaging Address)                  </em>
                </div> <!-- method-content -->
              </div> <!-- method -->
              <div class="method">
                <div class="method-content">
                  <a name="TC018(QA6)">
                  </a> <!-- TC018(QA6) -->
                  <span class="method-name">TC018</span>
                  <span class="parameters">(QA6)</span>
                  <div class="stack-trace">org.openqa.selenium.NoSuchElementException: no such element: Unable to locate element: {&quot;method&quot;:&quot;xpath&quot;,&quot;selector&quot;:&quot;//span[text()=&apos;Sign in&apos;]/..&quot;}
  (Session info: chrome=84.0.4147.135)
  (Driver info: chromedriver=83.0.4103.39 (ccbf011cb2d2b19b506d844400483861342c20cd-refs/branch-heads/4103@{#416}),platform=Windows NT 10.0.19041 x86_64) (WARNING: The server did not provide any stacktrace information)
Command duration or timeout: 17 milliseconds
For documentation on this error, please visit: http://seleniumhq.org/exceptions/no_such_element.html
Build info: version: &apos;2.38.0&apos;, revision: &apos;bd32d4e&apos;, time: &apos;2013-12-05 16:16:40&apos;
System info: host: &apos;YogeshTayal&apos;, ip: &apos;10.140.10.65&apos;, os.name: &apos;Windows 10&apos;, os.arch: &apos;amd64&apos;, os.version: &apos;10.0&apos;, java.version: &apos;1.8.0_241&apos;
Driver info: org.openqa.selenium.chrome.ChromeDriver
Capabilities [{mobileEmulationEnabled=false, timeouts={implicit=0, pageLoad=300000, script=30000}, hasTouchScreen=false, platform=XP, acceptSslCerts=false, goog:chromeOptions={debuggerAddress=localhost:59149}, acceptInsecureCerts=false, webStorageEnabled=true, browserName=chrome, takesScreenshot=true, javascriptEnabled=true, setWindowRect=true, unexpectedAlertBehaviour=ignore, applicationCacheEnabled=false, rotatable=false, networkConnectionEnabled=false, chrome={chromedriverVersion=83.0.4103.39 (ccbf011cb2d2b19b506d844400483861342c20cd-refs/branch-heads/4103@{#416}), userDataDir=C:\Users\YOGESH~1.TAY\AppData\Local\Temp\scoped_dir16036_997350419}, takesHeapSnapshot=true, pageLoadStrategy=normal, strictFileInteractability=false, databaseEnabled=false, handlesAlerts=true, version=84.0.4147.135, browserConnectionEnabled=false, proxy={}, nativeEvents=true, locationContextEnabled=true, cssSelectorsEnabled=true, webauthn:virtualAuthenticators=true}]
Session ID: 9cf2756a65f5d1e0c5711aeb53d70296
	at org.openqa.selenium.remote.ErrorHandler.createThrowable(ErrorHandler.java:193)
	at org.openqa.selenium.remote.ErrorHandler.throwIfResponseFailed(ErrorHandler.java:145)
	at org.openqa.selenium.remote.RemoteWebDriver.execute(RemoteWebDriver.java:554)
	at org.openqa.selenium.remote.RemoteWebDriver.findElement(RemoteWebDriver.java:307)
	at org.openqa.selenium.remote.RemoteWebDriver.findElementByXPath(RemoteWebDriver.java:404)
	at org.openqa.selenium.By$ByXPath.findElement(By.java:363)
	at org.openqa.selenium.remote.RemoteWebDriver.findElement(RemoteWebDriver.java:299)
	at org.openqa.selenium.support.pagefactory.DefaultElementLocator.findElement(DefaultElementLocator.java:59)
	at org.openqa.selenium.support.pagefactory.internal.LocatingElementHandler.invoke(LocatingElementHandler.java:34)
	at com.sun.proxy.$Proxy8.toString(Unknown Source)
	at java.lang.String.valueOf(Unknown Source)
	at java.lang.StringBuilder.append(Unknown Source)
	at org.openqa.selenium.support.ui.ExpectedConditions$7.toString(ExpectedConditions.java:218)
	at org.openqa.selenium.support.ui.FluentWait.until(FluentWait.java:224)
	at resources.WebFunctions.click(WebFunctions.java:115)
	at SharedTC.STC_Login.claimAccountLogin(STC_Login.java:63)
	at testElephant.TC_Elephant.TC018(TC_Elephant.java:415)
... Removed 27 stack frames
</div> <!-- stack-trace -->
                  <em>
(Verify Claims)                  </em>
                </div> <!-- method-content -->
              </div> <!-- method -->
              <div class="method">
                <div class="method-content">
                  <a name="TC019(QA6)">
                  </a> <!-- TC019(QA6) -->
                  <span class="method-name">TC019</span>
                  <span class="parameters">(QA6)</span>
                  <div class="stack-trace">org.openqa.selenium.TimeoutException: Timed out after 40 seconds waiting for visibility of element located by By.xpath: //*[contains(@id,&apos;2011-CHEVROLET-CRUZELS&apos;)]
Build info: version: &apos;2.38.0&apos;, revision: &apos;bd32d4e&apos;, time: &apos;2013-12-05 16:16:40&apos;
System info: host: &apos;YogeshTayal&apos;, ip: &apos;10.140.10.65&apos;, os.name: &apos;Windows 10&apos;, os.arch: &apos;amd64&apos;, os.version: &apos;10.0&apos;, java.version: &apos;1.8.0_241&apos;
Driver info: driver.version: unknown
	at org.openqa.selenium.support.ui.FluentWait.timeoutException(FluentWait.java:259)
	at org.openqa.selenium.support.ui.FluentWait.until(FluentWait.java:228)
	at resources.WebFunctions.click(WebFunctions.java:158)
	at SharedTC.STC_Vehicle.editVehicleCoverages(STC_Vehicle.java:324)
	at testElephant.TC_Elephant.TC019(TC_Elephant.java:435)
Caused by: org.openqa.selenium.NoSuchElementException: no such element: Unable to locate element: {&quot;method&quot;:&quot;xpath&quot;,&quot;selector&quot;:&quot;//*[contains(@id,&apos;2011-CHEVROLET-CRUZELS&apos;)]&quot;}
  (Session info: chrome=84.0.4147.135)
  (Driver info: chromedriver=83.0.4103.39 (ccbf011cb2d2b19b506d844400483861342c20cd-refs/branch-heads/4103@{#416}),platform=Windows NT 10.0.19041 x86_64) (WARNING: The server did not provide any stacktrace information)
Command duration or timeout: 45 milliseconds
For documentation on this error, please visit: http://seleniumhq.org/exceptions/no_such_element.html
Build info: version: &apos;2.38.0&apos;, revision: &apos;bd32d4e&apos;, time: &apos;2013-12-05 16:16:40&apos;
System info: host: &apos;YogeshTayal&apos;, ip: &apos;10.140.10.65&apos;, os.name: &apos;Windows 10&apos;, os.arch: &apos;amd64&apos;, os.version: &apos;10.0&apos;, java.version: &apos;1.8.0_241&apos;
Driver info: org.openqa.selenium.chrome.ChromeDriver
Capabilities [{mobileEmulationEnabled=false, timeouts={implicit=0, pageLoad=300000, script=30000}, hasTouchScreen=false, platform=XP, acceptSslCerts=false, goog:chromeOptions={debuggerAddress=localhost:59553}, acceptInsecureCerts=false, webStorageEnabled=true, browserName=chrome, takesScreenshot=true, javascriptEnabled=true, setWindowRect=true, unexpectedAlertBehaviour=ignore, applicationCacheEnabled=false, rotatable=false, networkConnectionEnabled=false, chrome={chromedriverVersion=83.0.4103.39 (ccbf011cb2d2b19b506d844400483861342c20cd-refs/branch-heads/4103@{#416}), userDataDir=C:\Users\YOGESH~1.TAY\AppData\Local\Temp\scoped_dir35540_1080926996}, takesHeapSnapshot=true, pageLoadStrategy=normal, strictFileInteractability=false, databaseEnabled=false, handlesAlerts=true, version=84.0.4147.135, browserConnectionEnabled=false, proxy={}, nativeEvents=true, locationContextEnabled=true, cssSelectorsEnabled=true, webauthn:virtualAuthenticators=true}]
Session ID: ff126ee47981fd0385b6248c93a95c26
	at org.openqa.selenium.remote.ErrorHandler.createThrowable(ErrorHandler.java:193)
	at org.openqa.selenium.remote.ErrorHandler.throwIfResponseFailed(ErrorHandler.java:145)
	at org.openqa.selenium.remote.RemoteWebDriver.execute(RemoteWebDriver.java:554)
	at org.openqa.selenium.remote.RemoteWebDriver.findElement(RemoteWebDriver.java:307)
	at org.openqa.selenium.remote.RemoteWebDriver.findElementByXPath(RemoteWebDriver.java:404)
	at org.openqa.selenium.By$ByXPath.findElement(By.java:363)
	at org.openqa.selenium.remote.RemoteWebDriver.findElement(RemoteWebDriver.java:299)
	at org.openqa.selenium.support.ui.ExpectedConditions.findElement(ExpectedConditions.java:730)
	at org.openqa.selenium.support.ui.ExpectedConditions.access$0(ExpectedConditions.java:728)
	at org.openqa.selenium.support.ui.ExpectedConditions$4.apply(ExpectedConditions.java:130)
	at org.openqa.selenium.support.ui.ExpectedConditions$4.apply(ExpectedConditions.java:1)
	at org.openqa.selenium.support.ui.FluentWait.until(FluentWait.java:208)
	... 27 more
... Removed 27 stack frames
</div> <!-- stack-trace -->
                  <em>
(Edit Vehicle Coverages)                  </em>
                </div> <!-- method-content -->
              </div> <!-- method -->
              <div class="method">
                <div class="method-content">
                  <a name="TC023(QA6)">
                  </a> <!-- TC023(QA6) -->
                  <span class="method-name">TC023</span>
                  <span class="parameters">(QA6)</span>
                  <div class="stack-trace">org.openqa.selenium.NoSuchElementException: no such element: Unable to locate element: {&quot;method&quot;:&quot;id&quot;,&quot;selector&quot;:&quot;txtConfirmPassword&quot;}
  (Session info: chrome=84.0.4147.135)
  (Driver info: chromedriver=83.0.4103.39 (ccbf011cb2d2b19b506d844400483861342c20cd-refs/branch-heads/4103@{#416}),platform=Windows NT 10.0.19041 x86_64) (WARNING: The server did not provide any stacktrace information)
Command duration or timeout: 26 milliseconds
For documentation on this error, please visit: http://seleniumhq.org/exceptions/no_such_element.html
Build info: version: &apos;2.38.0&apos;, revision: &apos;bd32d4e&apos;, time: &apos;2013-12-05 16:16:40&apos;
System info: host: &apos;YogeshTayal&apos;, ip: &apos;10.140.10.65&apos;, os.name: &apos;Windows 10&apos;, os.arch: &apos;amd64&apos;, os.version: &apos;10.0&apos;, java.version: &apos;1.8.0_241&apos;
Driver info: org.openqa.selenium.chrome.ChromeDriver
Capabilities [{mobileEmulationEnabled=false, timeouts={implicit=0, pageLoad=300000, script=30000}, hasTouchScreen=false, platform=XP, acceptSslCerts=false, goog:chromeOptions={debuggerAddress=localhost:60270}, acceptInsecureCerts=false, webStorageEnabled=true, browserName=chrome, takesScreenshot=true, javascriptEnabled=true, setWindowRect=true, unexpectedAlertBehaviour=ignore, applicationCacheEnabled=false, rotatable=false, networkConnectionEnabled=false, chrome={chromedriverVersion=83.0.4103.39 (ccbf011cb2d2b19b506d844400483861342c20cd-refs/branch-heads/4103@{#416}), userDataDir=C:\Users\YOGESH~1.TAY\AppData\Local\Temp\scoped_dir35988_1725513698}, takesHeapSnapshot=true, pageLoadStrategy=normal, strictFileInteractability=false, databaseEnabled=false, handlesAlerts=true, version=84.0.4147.135, browserConnectionEnabled=false, proxy={}, nativeEvents=true, locationContextEnabled=true, cssSelectorsEnabled=true, webauthn:virtualAuthenticators=true}]
Session ID: 3b136fe86ca2518af38c25aa0171ea0c
	at org.openqa.selenium.remote.ErrorHandler.createThrowable(ErrorHandler.java:193)
	at org.openqa.selenium.remote.ErrorHandler.throwIfResponseFailed(ErrorHandler.java:145)
	at org.openqa.selenium.remote.RemoteWebDriver.execute(RemoteWebDriver.java:554)
	at org.openqa.selenium.remote.RemoteWebDriver.findElement(RemoteWebDriver.java:307)
	at org.openqa.selenium.remote.RemoteWebDriver.findElementById(RemoteWebDriver.java:348)
	at org.openqa.selenium.By$ById.findElement(By.java:220)
	at org.openqa.selenium.remote.RemoteWebDriver.findElement(RemoteWebDriver.java:299)
	at org.openqa.selenium.support.pagefactory.DefaultElementLocator.findElement(DefaultElementLocator.java:59)
	at org.openqa.selenium.support.pagefactory.internal.LocatingElementHandler.invoke(LocatingElementHandler.java:34)
	at com.sun.proxy.$Proxy8.toString(Unknown Source)
	at java.lang.String.valueOf(Unknown Source)
	at java.lang.StringBuilder.append(Unknown Source)
	at org.openqa.selenium.support.ui.ExpectedConditions$18.toString(ExpectedConditions.java:577)
	at org.openqa.selenium.support.ui.FluentWait.until(FluentWait.java:224)
	at resources.WebFunctions.type(WebFunctions.java:39)
	at SharedTC.STC_Register.register(STC_Register.java:31)
	at testElephant.TC_Elephant.TC023(TC_Elephant.java:507)
... Removed 27 stack frames
</div> <!-- stack-trace -->
                  <em>
(Verify Signup)                  </em>
                </div> <!-- method-content -->
              </div> <!-- method -->
            </div> <!-- main-panel-content rounded-window-bottom -->
          </div> <!-- suite-Suite-class-failed -->
          <div class="suite-Suite-class-passed">
            <div class="main-panel-header rounded-window-top">
              <img src="passed.png"/>
              <span class="class-name">testApparent.TC_Apparent</span>
            </div> <!-- main-panel-header rounded-window-top -->
            <div class="main-panel-content rounded-window-bottom">
              <div class="method">
                <div class="method-content">
                  <a name="TC001(QA6)">
                  </a> <!-- TC001(QA6) -->
                  <span class="method-name">TC001</span>
                  <span class="parameters">(QA6)</span>
                  <em>
($10 Payment - Saved Card)                  </em>
                </div> <!-- method-content -->
              </div> <!-- method -->
              <div class="method">
                <div class="method-content">
                  <a name="TC002(QA6)">
                  </a> <!-- TC002(QA6) -->
                  <span class="method-name">TC002</span>
                  <span class="parameters">(QA6)</span>
                  <em>
(Validate OneTimePayment_New Credit Card)                  </em>
                </div> <!-- method-content -->
              </div> <!-- method -->
              <div class="method">
                <div class="method-content">
                  <a name="TC003(QA6)">
                  </a> <!-- TC003(QA6) -->
                  <span class="method-name">TC003</span>
                  <span class="parameters">(QA6)</span>
                  <em>
(Validate OneTimePayment_New ACH/Bank Account)                  </em>
                </div> <!-- method-content -->
              </div> <!-- method -->
              <div class="method">
                <div class="method-content">
                  <a name="TC009(QA6)">
                  </a> <!-- TC009(QA6) -->
                  <span class="method-name">TC009</span>
                  <span class="parameters">(QA6)</span>
                  <em>
(AddVehicle with VIN)                  </em>
                </div> <!-- method-content -->
              </div> <!-- method -->
              <div class="method">
                <div class="method-content">
                  <a name="TC010(QA6)">
                  </a> <!-- TC010(QA6) -->
                  <span class="method-name">TC010</span>
                  <span class="parameters">(QA6)</span>
                  <em>
(Replace Vehicle)                  </em>
                </div> <!-- method-content -->
              </div> <!-- method -->
              <div class="method">
                <div class="method-content">
                  <a name="TC011(QA6)">
                  </a> <!-- TC011(QA6) -->
                  <span class="method-name">TC011</span>
                  <span class="parameters">(QA6)</span>
                  <em>
(Remove Vehicle)                  </em>
                </div> <!-- method-content -->
              </div> <!-- method -->
              <div class="method">
                <div class="method-content">
                  <a name="TC012(QA6)">
                  </a> <!-- TC012(QA6) -->
                  <span class="method-name">TC012</span>
                  <span class="parameters">(QA6)</span>
                  <em>
(Edit Home Phone Number)                  </em>
                </div> <!-- method-content -->
              </div> <!-- method -->
              <div class="method">
                <div class="method-content">
                  <a name="TC013(QA6)">
                  </a> <!-- TC013(QA6) -->
                  <span class="method-name">TC013</span>
                  <span class="parameters">(QA6)</span>
                  <em>
(Edit Work Phone Number)                  </em>
                </div> <!-- method-content -->
              </div> <!-- method -->
              <div class="method">
                <div class="method-content">
                  <a name="TC014(QA6)">
                  </a> <!-- TC014(QA6) -->
                  <span class="method-name">TC014</span>
                  <span class="parameters">(QA6)</span>
                  <em>
(Edit Cell Phone Number)                  </em>
                </div> <!-- method-content -->
              </div> <!-- method -->
              <div class="method">
                <div class="method-content">
                  <a name="TC015(QA6)">
                  </a> <!-- TC015(QA6) -->
                  <span class="method-name">TC015</span>
                  <span class="parameters">(QA6)</span>
                  <em>
(Edit Email Address)                  </em>
                </div> <!-- method-content -->
              </div> <!-- method -->
              <div class="method">
                <div class="method-content">
                  <a name="TC020(QA6)">
                  </a> <!-- TC020(QA6) -->
                  <span class="method-name">TC020</span>
                  <span class="parameters">(QA6)</span>
                  <em>
(Logout)                  </em>
                </div> <!-- method-content -->
              </div> <!-- method -->
              <div class="method">
                <div class="method-content">
                  <a name="TC021(QA6)">
                  </a> <!-- TC021(QA6) -->
                  <span class="method-name">TC021</span>
                  <span class="parameters">(QA6)</span>
                  <em>
(Verify Chatbox)                  </em>
                </div> <!-- method-content -->
              </div> <!-- method -->
              <div class="method">
                <div class="method-content">
                  <a name="TC022(QA6)">
                  </a> <!-- TC022(QA6) -->
                  <span class="method-name">TC022</span>
                  <span class="parameters">(QA6)</span>
                  <em>
(Verify Dashboard Buttons)                  </em>
                </div> <!-- method-content -->
              </div> <!-- method -->
              <div class="method">
                <div class="method-content">
                  <a name="TC023(QA6)">
                  </a> <!-- TC023(QA6) -->
                  <span class="method-name">TC023</span>
                  <span class="parameters">(QA6)</span>
                  <em>
(Verify Signup)                  </em>
                </div> <!-- method-content -->
              </div> <!-- method -->
            </div> <!-- main-panel-content rounded-window-bottom -->
          </div> <!-- suite-Suite-class-passed -->
          <div class="suite-Suite-class-passed">
            <div class="main-panel-header rounded-window-top">
              <img src="passed.png"/>
              <span class="class-name">testElephant.TC_Elephant</span>
            </div> <!-- main-panel-header rounded-window-top -->
            <div class="main-panel-content rounded-window-bottom">
              <div class="method">
                <div class="method-content">
                  <a name="TC001(QA6)">
                  </a> <!-- TC001(QA6) -->
                  <span class="method-name">TC001</span>
                  <span class="parameters">(QA6)</span>
                  <em>
($10 Payment - Saved Card)                  </em>
                </div> <!-- method-content -->
              </div> <!-- method -->
              <div class="method">
                <div class="method-content">
                  <a name="TC002(QA6)">
                  </a> <!-- TC002(QA6) -->
                  <span class="method-name">TC002</span>
                  <span class="parameters">(QA6)</span>
                  <em>
(Validate OneTimePayment_New Credit Card)                  </em>
                </div> <!-- method-content -->
              </div> <!-- method -->
              <div class="method">
                <div class="method-content">
                  <a name="TC003(QA6)">
                  </a> <!-- TC003(QA6) -->
                  <span class="method-name">TC003</span>
                  <span class="parameters">(QA6)</span>
                  <em>
(Validate OneTimePayment_New ACH/Bank Account)                  </em>
                </div> <!-- method-content -->
              </div> <!-- method -->
              <div class="method">
                <div class="method-content">
                  <a name="TC004(QA6)">
                  </a> <!-- TC004(QA6) -->
                  <span class="method-name">TC004</span>
                  <span class="parameters">(QA6)</span>
                  <em>
(Add new payment Method - ACH)                  </em>
                </div> <!-- method-content -->
              </div> <!-- method -->
              <div class="method">
                <div class="method-content">
                  <a name="TC005(QA6)">
                  </a> <!-- TC005(QA6) -->
                  <span class="method-name">TC005</span>
                  <span class="parameters">(QA6)</span>
                  <em>
(Add new payment Method - Credit Card)                  </em>
                </div> <!-- method-content -->
              </div> <!-- method -->
              <div class="method">
                <div class="method-content">
                  <a name="TC009(QA6)">
                  </a> <!-- TC009(QA6) -->
                  <span class="method-name">TC009</span>
                  <span class="parameters">(QA6)</span>
                  <em>
(AddVehicle with VIN)                  </em>
                </div> <!-- method-content -->
              </div> <!-- method -->
              <div class="method">
                <div class="method-content">
                  <a name="TC010(QA6)">
                  </a> <!-- TC010(QA6) -->
                  <span class="method-name">TC010</span>
                  <span class="parameters">(QA6)</span>
                  <em>
(Replace Vehicle)                  </em>
                </div> <!-- method-content -->
              </div> <!-- method -->
              <div class="method">
                <div class="method-content">
                  <a name="TC011(QA6)">
                  </a> <!-- TC011(QA6) -->
                  <span class="method-name">TC011</span>
                  <span class="parameters">(QA6)</span>
                  <em>
(Remove Vehicle)                  </em>
                </div> <!-- method-content -->
              </div> <!-- method -->
              <div class="method">
                <div class="method-content">
                  <a name="TC012(QA6)">
                  </a> <!-- TC012(QA6) -->
                  <span class="method-name">TC012</span>
                  <span class="parameters">(QA6)</span>
                  <em>
(Edit Home Phone Number)                  </em>
                </div> <!-- method-content -->
              </div> <!-- method -->
              <div class="method">
                <div class="method-content">
                  <a name="TC013(QA6)">
                  </a> <!-- TC013(QA6) -->
                  <span class="method-name">TC013</span>
                  <span class="parameters">(QA6)</span>
                  <em>
(Edit Work Phone Number)                  </em>
                </div> <!-- method-content -->
              </div> <!-- method -->
              <div class="method">
                <div class="method-content">
                  <a name="TC014(QA6)">
                  </a> <!-- TC014(QA6) -->
                  <span class="method-name">TC014</span>
                  <span class="parameters">(QA6)</span>
                  <em>
(Edit Cell Phone Number)                  </em>
                </div> <!-- method-content -->
              </div> <!-- method -->
              <div class="method">
                <div class="method-content">
                  <a name="TC015(QA6)">
                  </a> <!-- TC015(QA6) -->
                  <span class="method-name">TC015</span>
                  <span class="parameters">(QA6)</span>
                  <em>
(Edit Email Address)                  </em>
                </div> <!-- method-content -->
              </div> <!-- method -->
              <div class="method">
                <div class="method-content">
                  <a name="TC020(QA6)">
                  </a> <!-- TC020(QA6) -->
                  <span class="method-name">TC020</span>
                  <span class="parameters">(QA6)</span>
                  <em>
(Logout)                  </em>
                </div> <!-- method-content -->
              </div> <!-- method -->
              <div class="method">
                <div class="method-content">
                  <a name="TC021(QA6)">
                  </a> <!-- TC021(QA6) -->
                  <span class="method-name">TC021</span>
                  <span class="parameters">(QA6)</span>
                  <em>
(Verify Chatbox)                  </em>
                </div> <!-- method-content -->
              </div> <!-- method -->
              <div class="method">
                <div class="method-content">
                  <a name="TC022(QA6)">
                  </a> <!-- TC022(QA6) -->
                  <span class="method-name">TC022</span>
                  <span class="parameters">(QA6)</span>
                  <em>
(Verify Dashboard Buttons)                  </em>
                </div> <!-- method-content -->
              </div> <!-- method -->
            </div> <!-- main-panel-content rounded-window-bottom -->
          </div> <!-- suite-Suite-class-passed -->
        </div> <!-- panel Suite -->
        <div panel-name="test-xml-Suite" class="panel">
          <div class="main-panel-header rounded-window-top">
            <span class="header-content">D:\Automation proj\CSP\Regression.xml</span>
          </div> <!-- main-panel-header rounded-window-top -->
          <div class="main-panel-content rounded-window-bottom">
            <pre>
&lt;?xml version=&quot;1.0&quot; encoding=&quot;UTF-8&quot;?&gt;
&lt;!DOCTYPE suite SYSTEM &quot;http://testng.org/testng-1.0.dtd&quot;&gt;
&lt;suite guice-stage=&quot;DEVELOPMENT&quot; name=&quot;Suite&quot;&gt;
  &lt;listeners&gt;
    &lt;listener class-name=&quot;testNGListners.ITestAnnotation&quot;/&gt;
  &lt;/listeners&gt;
  &lt;test name=&quot;test&quot;&gt;
    &lt;parameter name=&quot;ENV&quot; value=&quot;QA6&quot;/&gt;
    &lt;classes&gt;
      &lt;class name=&quot;testElephant.TC_Elephant&quot;/&gt;
      &lt;class name=&quot;testApparent.TC_Apparent&quot;/&gt;
    &lt;/classes&gt;
  &lt;/test&gt; &lt;!-- test --&gt;
&lt;/suite&gt; &lt;!-- Suite --&gt;
            </pre>
          </div> <!-- main-panel-content rounded-window-bottom -->
        </div> <!-- panel -->
        <div panel-name="testlist-Suite" class="panel">
          <div class="main-panel-header rounded-window-top">
            <span class="header-content">Tests for Suite</span>
          </div> <!-- main-panel-header rounded-window-top -->
          <div class="main-panel-content rounded-window-bottom">
            <ul>
              <li>
                <span class="test-name">test (2 classes)</span>
              </li>
            </ul>
          </div> <!-- main-panel-content rounded-window-bottom -->
        </div> <!-- panel -->
        <div panel-name="group-Suite" class="panel">
          <div class="main-panel-header rounded-window-top">
            <span class="header-content">Groups for Suite</span>
          </div> <!-- main-panel-header rounded-window-top -->
          <div class="main-panel-content rounded-window-bottom">
          </div> <!-- main-panel-content rounded-window-bottom -->
        </div> <!-- panel -->
        <div panel-name="times-Suite" class="panel">
          <div class="main-panel-header rounded-window-top">
            <span class="header-content">Times for Suite</span>
          </div> <!-- main-panel-header rounded-window-top -->
          <div class="main-panel-content rounded-window-bottom">
            <div class="times-div">
              <script type="text/javascript">
suiteTableInitFunctions.push('tableData_Suite');
function tableData_Suite() {
var data = new google.visualization.DataTable();
data.addColumn('number', 'Number');
data.addColumn('string', 'Method');
data.addColumn('string', 'Class');
data.addColumn('number', 'Time (ms)');
data.addRows(46);
data.setCell(0, 0, 0)
data.setCell(0, 1, 'TC008')
data.setCell(0, 2, 'testElephant.TC_Elephant')
data.setCell(0, 3, 229993);
data.setCell(1, 0, 1)
data.setCell(1, 1, 'TC008')
data.setCell(1, 2, 'testApparent.TC_Apparent')
data.setCell(1, 3, 223584);
data.setCell(2, 0, 2)
data.setCell(2, 1, 'TC017')
data.setCell(2, 2, 'testApparent.TC_Apparent')
data.setCell(2, 3, 216510);
data.setCell(3, 0, 3)
data.setCell(3, 1, 'TC016')
data.setCell(3, 2, 'testElephant.TC_Elephant')
data.setCell(3, 3, 215887);
data.setCell(4, 0, 4)
data.setCell(4, 1, 'TC017')
data.setCell(4, 2, 'testElephant.TC_Elephant')
data.setCell(4, 3, 215232);
data.setCell(5, 0, 5)
data.setCell(5, 1, 'TC023')
data.setCell(5, 2, 'testElephant.TC_Elephant')
data.setCell(5, 3, 213442);
data.setCell(6, 0, 6)
data.setCell(6, 1, 'TC004')
data.setCell(6, 2, 'testApparent.TC_Apparent')
data.setCell(6, 3, 212204);
data.setCell(7, 0, 7)
data.setCell(7, 1, 'TC016')
data.setCell(7, 2, 'testApparent.TC_Apparent')
data.setCell(7, 3, 210262);
data.setCell(8, 0, 8)
data.setCell(8, 1, 'TC005')
data.setCell(8, 2, 'testApparent.TC_Apparent')
data.setCell(8, 3, 209758);
data.setCell(9, 0, 9)
data.setCell(9, 1, 'TC018')
data.setCell(9, 2, 'testElephant.TC_Elephant')
data.setCell(9, 3, 204591);
data.setCell(10, 0, 10)
data.setCell(10, 1, 'TC018')
data.setCell(10, 2, 'testApparent.TC_Apparent')
data.setCell(10, 3, 201179);
data.setCell(11, 0, 11)
data.setCell(11, 1, 'TC010')
data.setCell(11, 2, 'testElephant.TC_Elephant')
data.setCell(11, 3, 187719);
data.setCell(12, 0, 12)
data.setCell(12, 1, 'TC010')
data.setCell(12, 2, 'testApparent.TC_Apparent')
data.setCell(12, 3, 181493);
data.setCell(13, 0, 13)
data.setCell(13, 1, 'TC009')
data.setCell(13, 2, 'testElephant.TC_Elephant')
data.setCell(13, 3, 160114);
data.setCell(14, 0, 14)
data.setCell(14, 1, 'TC009')
data.setCell(14, 2, 'testApparent.TC_Apparent')
data.setCell(14, 3, 157938);
data.setCell(15, 0, 15)
data.setCell(15, 1, 'TC002')
data.setCell(15, 2, 'testElephant.TC_Elephant')
data.setCell(15, 3, 122086);
data.setCell(16, 0, 16)
data.setCell(16, 1, 'TC002')
data.setCell(16, 2, 'testApparent.TC_Apparent')
data.setCell(16, 3, 120178);
data.setCell(17, 0, 17)
data.setCell(17, 1, 'TC001')
data.setCell(17, 2, 'testElephant.TC_Elephant')
data.setCell(17, 3, 115753);
data.setCell(18, 0, 18)
data.setCell(18, 1, 'TC003')
data.setCell(18, 2, 'testElephant.TC_Elephant')
data.setCell(18, 3, 108045);
data.setCell(19, 0, 19)
data.setCell(19, 1, 'TC003')
data.setCell(19, 2, 'testApparent.TC_Apparent')
data.setCell(19, 3, 106706);
data.setCell(20, 0, 20)
data.setCell(20, 1, 'TC011')
data.setCell(20, 2, 'testElephant.TC_Elephant')
data.setCell(20, 3, 96325);
data.setCell(21, 0, 21)
data.setCell(21, 1, 'TC011')
data.setCell(21, 2, 'testApparent.TC_Apparent')
data.setCell(21, 3, 94782);
data.setCell(22, 0, 22)
data.setCell(22, 1, 'TC006')
data.setCell(22, 2, 'testElephant.TC_Elephant')
data.setCell(22, 3, 94356);
data.setCell(23, 0, 23)
data.setCell(23, 1, 'TC019')
data.setCell(23, 2, 'testElephant.TC_Elephant')
data.setCell(23, 3, 91126);
data.setCell(24, 0, 24)
data.setCell(24, 1, 'TC007')
data.setCell(24, 2, 'testElephant.TC_Elephant')
data.setCell(24, 3, 90595);
data.setCell(25, 0, 25)
data.setCell(25, 1, 'TC007')
data.setCell(25, 2, 'testApparent.TC_Apparent')
data.setCell(25, 3, 85846);
data.setCell(26, 0, 26)
data.setCell(26, 1, 'TC006')
data.setCell(26, 2, 'testApparent.TC_Apparent')
data.setCell(26, 3, 85399);
data.setCell(27, 0, 27)
data.setCell(27, 1, 'TC005')
data.setCell(27, 2, 'testElephant.TC_Elephant')
data.setCell(27, 3, 85293);
data.setCell(28, 0, 28)
data.setCell(28, 1, 'TC012')
data.setCell(28, 2, 'testElephant.TC_Elephant')
data.setCell(28, 3, 77281);
data.setCell(29, 0, 29)
data.setCell(29, 1, 'TC019')
data.setCell(29, 2, 'testApparent.TC_Apparent')
data.setCell(29, 3, 72209);
data.setCell(30, 0, 30)
data.setCell(30, 1, 'TC013')
data.setCell(30, 2, 'testElephant.TC_Elephant')
data.setCell(30, 3, 71467);
data.setCell(31, 0, 31)
data.setCell(31, 1, 'TC001')
data.setCell(31, 2, 'testApparent.TC_Apparent')
data.setCell(31, 3, 70811);
data.setCell(32, 0, 32)
data.setCell(32, 1, 'TC015')
data.setCell(32, 2, 'testElephant.TC_Elephant')
data.setCell(32, 3, 69589);
data.setCell(33, 0, 33)
data.setCell(33, 1, 'TC014')
data.setCell(33, 2, 'testElephant.TC_Elephant')
data.setCell(33, 3, 68694);
data.setCell(34, 0, 34)
data.setCell(34, 1, 'TC004')
data.setCell(34, 2, 'testElephant.TC_Elephant')
data.setCell(34, 3, 67314);
data.setCell(35, 0, 35)
data.setCell(35, 1, 'TC012')
data.setCell(35, 2, 'testApparent.TC_Apparent')
data.setCell(35, 3, 64574);
data.setCell(36, 0, 36)
data.setCell(36, 1, 'TC015')
data.setCell(36, 2, 'testApparent.TC_Apparent')
data.setCell(36, 3, 64291);
data.setCell(37, 0, 37)
data.setCell(37, 1, 'TC013')
data.setCell(37, 2, 'testApparent.TC_Apparent')
data.setCell(37, 3, 63987);
data.setCell(38, 0, 38)
data.setCell(38, 1, 'TC014')
data.setCell(38, 2, 'testApparent.TC_Apparent')
data.setCell(38, 3, 63634);
data.setCell(39, 0, 39)
data.setCell(39, 1, 'TC023')
data.setCell(39, 2, 'testApparent.TC_Apparent')
data.setCell(39, 3, 56228);
data.setCell(40, 0, 40)
data.setCell(40, 1, 'TC020')
data.setCell(40, 2, 'testElephant.TC_Elephant')
data.setCell(40, 3, 53615);
data.setCell(41, 0, 41)
data.setCell(41, 1, 'TC022')
data.setCell(41, 2, 'testElephant.TC_Elephant')
data.setCell(41, 3, 53351);
data.setCell(42, 0, 42)
data.setCell(42, 1, 'TC022')
data.setCell(42, 2, 'testApparent.TC_Apparent')
data.setCell(42, 3, 46822);
data.setCell(43, 0, 43)
data.setCell(43, 1, 'TC021')
data.setCell(43, 2, 'testElephant.TC_Elephant')
data.setCell(43, 3, 45616);
data.setCell(44, 0, 44)
data.setCell(44, 1, 'TC021')
data.setCell(44, 2, 'testApparent.TC_Apparent')
data.setCell(44, 3, 42842);
data.setCell(45, 0, 45)
data.setCell(45, 1, 'TC020')
data.setCell(45, 2, 'testApparent.TC_Apparent')
data.setCell(45, 3, 40427);
window.suiteTableData['Suite']= { tableData: data, tableDiv: 'times-div-Suite'}
return data;
}
              </script>
              <span class="suite-total-time">Total running time: 1 hours</span>
              <div id="times-div-Suite">
              </div> <!-- times-div-Suite -->
            </div> <!-- times-div -->
          </div> <!-- main-panel-content rounded-window-bottom -->
        </div> <!-- panel -->
        <div panel-name="reporter-Suite" class="panel">
          <div class="main-panel-header rounded-window-top">
            <span class="header-content">Reporter output for Suite</span>
          </div> <!-- main-panel-header rounded-window-top -->
          <div class="main-panel-content rounded-window-bottom">
          </div> <!-- main-panel-content rounded-window-bottom -->
        </div> <!-- panel -->
        <div panel-name="ignored-methods-Suite" class="panel">
          <div class="main-panel-header rounded-window-top">
            <span class="header-content">0 ignored methods</span>
          </div> <!-- main-panel-header rounded-window-top -->
          <div class="main-panel-content rounded-window-bottom">
          </div> <!-- main-panel-content rounded-window-bottom -->
        </div> <!-- panel -->
        <div panel-name="chronological-Suite" class="panel">
          <div class="main-panel-header rounded-window-top">
            <span class="header-content">Methods in chronological order</span>
          </div> <!-- main-panel-header rounded-window-top -->
          <div class="main-panel-content rounded-window-bottom">
            <div class="chronological-class">
              <div class="chronological-class-name">testApparent.TC_Apparent</div> <!-- chronological-class-name -->
              <div class="configuration-suite before">
                <span class="method-name">openBrowser</span>
                <span class="method-start">0 ms</span>
              </div> <!-- configuration-suite before -->
            </div> <!-- chronological-class -->
            <div class="chronological-class">
              <div class="chronological-class-name">testElephant.TC_Elephant</div> <!-- chronological-class-name -->
              <div class="configuration-suite before">
                <span class="method-name">openBrowser</span>
                <span class="method-start">42 ms</span>
              </div> <!-- configuration-suite before -->
              <div class="test-method">
                <span class="method-name">TC001(QA6)</span>
                <span class="method-start">55 ms</span>
              </div> <!-- test-method -->
              <div class="test-method">
                <span class="method-name">TC002(QA6)</span>
                <span class="method-start">115810 ms</span>
              </div> <!-- test-method -->
              <div class="test-method">
                <span class="method-name">TC003(QA6)</span>
                <span class="method-start">237897 ms</span>
              </div> <!-- test-method -->
              <div class="test-method">
                <span class="method-name">TC004(QA6)</span>
                <span class="method-start">345943 ms</span>
              </div> <!-- test-method -->
              <div class="test-method">
                <span class="method-name">TC005(QA6)</span>
                <span class="method-start">413260 ms</span>
              </div> <!-- test-method -->
              <div class="test-method">
                <img src="failed.png">
                </img>
                <span class="method-name">TC006(QA6)</span>
                <span class="method-start">498556 ms</span>
              </div> <!-- test-method -->
              <div class="test-method">
                <img src="failed.png">
                </img>
                <span class="method-name">TC007(QA6)</span>
                <span class="method-start">592939 ms</span>
              </div> <!-- test-method -->
              <div class="test-method">
                <img src="failed.png">
                </img>
                <span class="method-name">TC008(QA6)</span>
                <span class="method-start">683539 ms</span>
              </div> <!-- test-method -->
              <div class="test-method">
                <span class="method-name">TC009(QA6)</span>
                <span class="method-start">913534 ms</span>
              </div> <!-- test-method -->
              <div class="test-method">
                <span class="method-name">TC010(QA6)</span>
                <span class="method-start">1073650 ms</span>
              </div> <!-- test-method -->
              <div class="test-method">
                <span class="method-name">TC011(QA6)</span>
                <span class="method-start">1261372 ms</span>
              </div> <!-- test-method -->
              <div class="test-method">
                <span class="method-name">TC012(QA6)</span>
                <span class="method-start">1357699 ms</span>
              </div> <!-- test-method -->
              <div class="test-method">
                <span class="method-name">TC013(QA6)</span>
                <span class="method-start">1434982 ms</span>
              </div> <!-- test-method -->
              <div class="test-method">
                <span class="method-name">TC014(QA6)</span>
                <span class="method-start">1506452 ms</span>
              </div> <!-- test-method -->
              <div class="test-method">
                <img src="failed.png">
                </img>
                <span class="method-name">TC016(QA6)</span>
                <span class="method-start">1575147 ms</span>
              </div> <!-- test-method -->
              <div class="test-method">
                <img src="failed.png">
                </img>
                <span class="method-name">TC017(QA6)</span>
                <span class="method-start">1791036 ms</span>
              </div> <!-- test-method -->
              <div class="test-method">
                <img src="failed.png">
                </img>
                <span class="method-name">TC018(QA6)</span>
                <span class="method-start">2006277 ms</span>
              </div> <!-- test-method -->
              <div class="test-method">
                <img src="failed.png">
                </img>
                <span class="method-name">TC019(QA6)</span>
                <span class="method-start">2210873 ms</span>
              </div> <!-- test-method -->
              <div class="test-method">
                <span class="method-name">TC020(QA6)</span>
                <span class="method-start">2302017 ms</span>
              </div> <!-- test-method -->
              <div class="test-method">
                <span class="method-name">TC021(QA6)</span>
                <span class="method-start">2355633 ms</span>
              </div> <!-- test-method -->
              <div class="test-method">
                <span class="method-name">TC022(QA6)</span>
                <span class="method-start">2401250 ms</span>
              </div> <!-- test-method -->
              <div class="test-method">
                <img src="failed.png">
                </img>
                <span class="method-name">TC023(QA6)</span>
                <span class="method-start">2454603 ms</span>
              </div> <!-- test-method -->
              <div class="test-method">
                <span class="method-name">TC015(QA6)</span>
                <span class="method-start">2668049 ms</span>
              </div> <!-- test-method -->
            </div> <!-- chronological-class -->
            <div class="chronological-class">
              <div class="chronological-class-name">testApparent.TC_Apparent</div> <!-- chronological-class-name -->
              <div class="test-method">
                <span class="method-name">TC001(QA6)</span>
                <span class="method-start">2737643 ms</span>
              </div> <!-- test-method -->
              <div class="test-method">
                <span class="method-name">TC002(QA6)</span>
                <span class="method-start">2808457 ms</span>
              </div> <!-- test-method -->
              <div class="test-method">
                <span class="method-name">TC003(QA6)</span>
                <span class="method-start">2928638 ms</span>
              </div> <!-- test-method -->
              <div class="test-method">
                <img src="failed.png">
                </img>
                <span class="method-name">TC004(QA6)</span>
                <span class="method-start">3035347 ms</span>
              </div> <!-- test-method -->
              <div class="test-method">
                <img src="failed.png">
                </img>
                <span class="method-name">TC005(QA6)</span>
                <span class="method-start">3247554 ms</span>
              </div> <!-- test-method -->
              <div class="test-method">
                <img src="failed.png">
                </img>
                <span class="method-name">TC006(QA6)</span>
                <span class="method-start">3457319 ms</span>
              </div> <!-- test-method -->
              <div class="test-method">
                <img src="failed.png">
                </img>
                <span class="method-name">TC007(QA6)</span>
                <span class="method-start">3542723 ms</span>
              </div> <!-- test-method -->
              <div class="test-method">
                <img src="failed.png">
                </img>
                <span class="method-name">TC008(QA6)</span>
                <span class="method-start">3628574 ms</span>
              </div> <!-- test-method -->
              <div class="test-method">
                <span class="method-name">TC009(QA6)</span>
                <span class="method-start">3852160 ms</span>
              </div> <!-- test-method -->
              <div class="test-method">
                <span class="method-name">TC010(QA6)</span>
                <span class="method-start">4010100 ms</span>
              </div> <!-- test-method -->
              <div class="test-method">
                <span class="method-name">TC011(QA6)</span>
                <span class="method-start">4191596 ms</span>
              </div> <!-- test-method -->
              <div class="test-method">
                <span class="method-name">TC012(QA6)</span>
                <span class="method-start">4286380 ms</span>
              </div> <!-- test-method -->
              <div class="test-method">
                <span class="method-name">TC013(QA6)</span>
                <span class="method-start">4350956 ms</span>
              </div> <!-- test-method -->
              <div class="test-method">
                <span class="method-name">TC014(QA6)</span>
                <span class="method-start">4414945 ms</span>
              </div> <!-- test-method -->
              <div class="test-method">
                <span class="method-name">TC015(QA6)</span>
                <span class="method-start">4478582 ms</span>
              </div> <!-- test-method -->
              <div class="test-method">
                <img src="failed.png">
                </img>
                <span class="method-name">TC016(QA6)</span>
                <span class="method-start">4542875 ms</span>
              </div> <!-- test-method -->
              <div class="test-method">
                <img src="failed.png">
                </img>
                <span class="method-name">TC017(QA6)</span>
                <span class="method-start">4753141 ms</span>
              </div> <!-- test-method -->
              <div class="test-method">
                <img src="failed.png">
                </img>
                <span class="method-name">TC018(QA6)</span>
                <span class="method-start">4969653 ms</span>
              </div> <!-- test-method -->
              <div class="test-method">
                <img src="failed.png">
                </img>
                <span class="method-name">TC019(QA6)</span>
                <span class="method-start">5170834 ms</span>
              </div> <!-- test-method -->
              <div class="test-method">
                <span class="method-name">TC020(QA6)</span>
                <span class="method-start">5243054 ms</span>
              </div> <!-- test-method -->
              <div class="test-method">
                <span class="method-name">TC021(QA6)</span>
                <span class="method-start">5283484 ms</span>
              </div> <!-- test-method -->
              <div class="test-method">
                <span class="method-name">TC022(QA6)</span>
                <span class="method-start">5326326 ms</span>
              </div> <!-- test-method -->
              <div class="test-method">
                <span class="method-name">TC023(QA6)</span>
                <span class="method-start">5373149 ms</span>
              </div> <!-- test-method -->
          </div> <!-- main-panel-content rounded-window-bottom -->
        </div> <!-- panel -->
      </div> <!-- main-panel-root -->
    </div> <!-- wrapper -->
  </body>
</html>
